[STARTED] Task without title.
[SUCCESS] Task without title.

[90m====================================================================================================[39m

[0m  ([4m[1mRun Starting[22m[24m)[0m

[90m  â”Œ[39m[90mâ”€[39m[90mâ”€[39m[90mâ”€[39m[90mâ”€[39m[90mâ”€[39m[90mâ”€[39m[90mâ”€[39m[90mâ”€[39m[90mâ”€[39m[90mâ”€[39m[90mâ”€[39m[90mâ”€[39m[90mâ”€[39m[90mâ”€[39m[90mâ”€[39m[90mâ”€[39m[90mâ”€[39m[90mâ”€[39m[90mâ”€[39m[90mâ”€[39m[90mâ”€[39m[90mâ”€[39m[90mâ”€[39m[90mâ”€[39m[90mâ”€[39m[90mâ”€[39m[90mâ”€[39m[90mâ”€[39m[90mâ”€[39m[90mâ”€[39m[90mâ”€[39m[90mâ”€[39m[90mâ”€[39m[90mâ”€[39m[90mâ”€[39m[90mâ”€[39m[90mâ”€[39m[90mâ”€[39m[90mâ”€[39m[90mâ”€[39m[90mâ”€[39m[90mâ”€[39m[90mâ”€[39m[90mâ”€[39m[90mâ”€[39m[90mâ”€[39m[90mâ”€[39m[90mâ”€[39m[90mâ”€[39m[90mâ”€[39m[90mâ”€[39m[90mâ”€[39m[90mâ”€[39m[90mâ”€[39m[90mâ”€[39m[90mâ”€[39m[90mâ”€[39m[90mâ”€[39m[90mâ”€[39m[90mâ”€[39m[90mâ”€[39m[90mâ”€[39m[90mâ”€[39m[90mâ”€[39m[90mâ”€[39m[90mâ”€[39m[90mâ”€[39m[90mâ”€[39m[90mâ”€[39m[90mâ”€[39m[90mâ”€[39m[90mâ”€[39m[90mâ”€[39m[90mâ”€[39m[90mâ”€[39m[90mâ”€[39m[90mâ”€[39m[90mâ”€[39m[90mâ”€[39m[90mâ”€[39m[90mâ”€[39m[90mâ”€[39m[90mâ”€[39m[90mâ”€[39m[90mâ”€[39m[90mâ”€[39m[90mâ”€[39m[90mâ”€[39m[90mâ”€[39m[90mâ”€[39m[90mâ”€[39m[90mâ”€[39m[90mâ”€[39m[90mâ”€[39m[90mâ”€[39m[90mâ”€[39m[90mâ”[39m
[90m  â”‚[39m [90mCypress:[39m        13.15.0                                                                        [90mâ”‚[39m
[90m  â”‚[39m [90mBrowser:[39m        Chrome 129 [90m(headless)[39m                                                          [90mâ”‚[39m
[90m  â”‚[39m [90mNode Version:[39m   [0mv20.18.0 [90m(/usr/local/bin/node)[39m[0m                                                 [90mâ”‚[39m
[90m  â”‚[39m [90mSpecs:[39m          [0m8 found (LoginAddVehicleFlow.cy.js, Users/adduser.cy.js, addGroup/addGroup.cy.[0m [90mâ”‚[39m
[90m  â”‚[39m                 [0mjs, addVehicle/WEAddVehicle.cy.js, bids/WEBidAppraisal.cy.js, bids/WEBidAvaila[0m [90mâ”‚[39m
[90m  â”‚[39m                 [0mbleNow.cy.js, bids/WEProxyAvailableNow.cy.js, login/WELogin.cy.js)[0m             [90mâ”‚[39m
[90m  â”‚[39m [90mSearched:[39m       [0mcypress**/*.cy.{js,jsx,ts,tsx}[0m                                                 [90mâ”‚[39m
[90m  â””[39m[90mâ”€[39m[90mâ”€[39m[90mâ”€[39m[90mâ”€[39m[90mâ”€[39m[90mâ”€[39m[90mâ”€[39m[90mâ”€[39m[90mâ”€[39m[90mâ”€[39m[90mâ”€[39m[90mâ”€[39m[90mâ”€[39m[90mâ”€[39m[90mâ”€[39m[90mâ”€[39m[90mâ”€[39m[90mâ”€[39m[90mâ”€[39m[90mâ”€[39m[90mâ”€[39m[90mâ”€[39m[90mâ”€[39m[90mâ”€[39m[90mâ”€[39m[90mâ”€[39m[90mâ”€[39m[90mâ”€[39m[90mâ”€[39m[90mâ”€[39m[90mâ”€[39m[90mâ”€[39m[90mâ”€[39m[90mâ”€[39m[90mâ”€[39m[90mâ”€[39m[90mâ”€[39m[90mâ”€[39m[90mâ”€[39m[90mâ”€[39m[90mâ”€[39m[90mâ”€[39m[90mâ”€[39m[90mâ”€[39m[90mâ”€[39m[90mâ”€[39m[90mâ”€[39m[90mâ”€[39m[90mâ”€[39m[90mâ”€[39m[90mâ”€[39m[90mâ”€[39m[90mâ”€[39m[90mâ”€[39m[90mâ”€[39m[90mâ”€[39m[90mâ”€[39m[90mâ”€[39m[90mâ”€[39m[90mâ”€[39m[90mâ”€[39m[90mâ”€[39m[90mâ”€[39m[90mâ”€[39m[90mâ”€[39m[90mâ”€[39m[90mâ”€[39m[90mâ”€[39m[90mâ”€[39m[90mâ”€[39m[90mâ”€[39m[90mâ”€[39m[90mâ”€[39m[90mâ”€[39m[90mâ”€[39m[90mâ”€[39m[90mâ”€[39m[90mâ”€[39m[90mâ”€[39m[90mâ”€[39m[90mâ”€[39m[90mâ”€[39m[90mâ”€[39m[90mâ”€[39m[90mâ”€[39m[90mâ”€[39m[90mâ”€[39m[90mâ”€[39m[90mâ”€[39m[90mâ”€[39m[90mâ”€[39m[90mâ”€[39m[90mâ”€[39m[90mâ”€[39m[90mâ”€[39m[90mâ”€[39m[90mâ”˜[39m

Remove output folder /e2e/cypress/reports/mochawesome

[90mâ”€[39m[90mâ”€[39m[90mâ”€[39m[90mâ”€[39m[90mâ”€[39m[90mâ”€[39m[90mâ”€[39m[90mâ”€[39m[90mâ”€[39m[90mâ”€[39m[90mâ”€[39m[90mâ”€[39m[90mâ”€[39m[90mâ”€[39m[90mâ”€[39m[90mâ”€[39m[90mâ”€[39m[90mâ”€[39m[90mâ”€[39m[90mâ”€[39m[90mâ”€[39m[90mâ”€[39m[90mâ”€[39m[90mâ”€[39m[90mâ”€[39m[90mâ”€[39m[90mâ”€[39m[90mâ”€[39m[90mâ”€[39m[90mâ”€[39m[90mâ”€[39m[90mâ”€[39m[90mâ”€[39m[90mâ”€[39m[90mâ”€[39m[90mâ”€[39m[90mâ”€[39m[90mâ”€[39m[90mâ”€[39m[90mâ”€[39m[90mâ”€[39m[90mâ”€[39m[90mâ”€[39m[90mâ”€[39m[90mâ”€[39m[90mâ”€[39m[90mâ”€[39m[90mâ”€[39m[90mâ”€[39m[90mâ”€[39m[90mâ”€[39m[90mâ”€[39m[90mâ”€[39m[90mâ”€[39m[90mâ”€[39m[90mâ”€[39m[90mâ”€[39m[90mâ”€[39m[90mâ”€[39m[90mâ”€[39m[90mâ”€[39m[90mâ”€[39m[90mâ”€[39m[90mâ”€[39m[90mâ”€[39m[90mâ”€[39m[90mâ”€[39m[90mâ”€[39m[90mâ”€[39m[90mâ”€[39m[90mâ”€[39m[90mâ”€[39m[90mâ”€[39m[90mâ”€[39m[90mâ”€[39m[90mâ”€[39m[90mâ”€[39m[90mâ”€[39m[90mâ”€[39m[90mâ”€[39m[90mâ”€[39m[90mâ”€[39m[90mâ”€[39m[90mâ”€[39m[90mâ”€[39m[90mâ”€[39m[90mâ”€[39m[90mâ”€[39m[90mâ”€[39m[90mâ”€[39m[90mâ”€[39m[90mâ”€[39m[90mâ”€[39m[90mâ”€[39m[90mâ”€[39m[90mâ”€[39m[90mâ”€[39m[90mâ”€[39m[90mâ”€[39m[90mâ”€[39m
                                                                                                    
  Running:  [90mLoginAddVehicleFlow.cy.js[39m                                                       [90m(1 of 8)[39m

[0m[0m
[0m  Add Vehicle Flow[0m
  [32m  âœ“[0m[90m Step 1 - Login[0m[31m (20400ms)[0m
  [32m  âœ“[0m[90m Step 2 - Add Vehicle [0m[31m (50242ms)[0m


[92m [0m[32m 2 passing[0m[90m (1m)[0m

[[90mmochawesome[39m] Report JSON saved to /e2e/cypress/reports/mochawesome/.jsons/mochawesome.json


[32m  ([4m[1mResults[22m[24m)[39m

[90m  â”Œ[39m[90mâ”€[39m[90mâ”€[39m[90mâ”€[39m[90mâ”€[39m[90mâ”€[39m[90mâ”€[39m[90mâ”€[39m[90mâ”€[39m[90mâ”€[39m[90mâ”€[39m[90mâ”€[39m[90mâ”€[39m[90mâ”€[39m[90mâ”€[39m[90mâ”€[39m[90mâ”€[39m[90mâ”€[39m[90mâ”€[39m[90mâ”€[39m[90mâ”€[39m[90mâ”€[39m[90mâ”€[39m[90mâ”€[39m[90mâ”€[39m[90mâ”€[39m[90mâ”€[39m[90mâ”€[39m[90mâ”€[39m[90mâ”€[39m[90mâ”€[39m[90mâ”€[39m[90mâ”€[39m[90mâ”€[39m[90mâ”€[39m[90mâ”€[39m[90mâ”€[39m[90mâ”€[39m[90mâ”€[39m[90mâ”€[39m[90mâ”€[39m[90mâ”€[39m[90mâ”€[39m[90mâ”€[39m[90mâ”€[39m[90mâ”€[39m[90mâ”€[39m[90mâ”€[39m[90mâ”€[39m[90mâ”€[39m[90mâ”€[39m[90mâ”€[39m[90mâ”€[39m[90mâ”€[39m[90mâ”€[39m[90mâ”€[39m[90mâ”€[39m[90mâ”€[39m[90mâ”€[39m[90mâ”€[39m[90mâ”€[39m[90mâ”€[39m[90mâ”€[39m[90mâ”€[39m[90mâ”€[39m[90mâ”€[39m[90mâ”€[39m[90mâ”€[39m[90mâ”€[39m[90mâ”€[39m[90mâ”€[39m[90mâ”€[39m[90mâ”€[39m[90mâ”€[39m[90mâ”€[39m[90mâ”€[39m[90mâ”€[39m[90mâ”€[39m[90mâ”€[39m[90mâ”€[39m[90mâ”€[39m[90mâ”€[39m[90mâ”€[39m[90mâ”€[39m[90mâ”€[39m[90mâ”€[39m[90mâ”€[39m[90mâ”€[39m[90mâ”€[39m[90mâ”€[39m[90mâ”€[39m[90mâ”€[39m[90mâ”€[39m[90mâ”€[39m[90mâ”€[39m[90mâ”€[39m[90mâ”€[39m[90mâ”[39m
[90m  â”‚[39m [90mTests:[39m        [32m2[39m                                                                                [90mâ”‚[39m
[90m  â”‚[39m [90mPassing:[39m      [32m2[39m                                                                                [90mâ”‚[39m
[90m  â”‚[39m [90mFailing:[39m      [32m0[39m                                                                                [90mâ”‚[39m
[90m  â”‚[39m [90mPending:[39m      [32m0[39m                                                                                [90mâ”‚[39m
[90m  â”‚[39m [90mSkipped:[39m      [32m0[39m                                                                                [90mâ”‚[39m
[90m  â”‚[39m [90mScreenshots:[39m  [32m0[39m                                                                                [90mâ”‚[39m
[90m  â”‚[39m [90mVideo:[39m        [32mfalse[39m                                                                            [90mâ”‚[39m
[90m  â”‚[39m [90mDuration:[39m     [32m1 minute, 11 seconds[39m                                                             [90mâ”‚[39m
[90m  â”‚[39m [90mSpec Ran:[39m     [32m[32mLoginAddVehicleFlow.cy.js[32m[39m                                                        [90mâ”‚[39m
[90m  â””[39m[90mâ”€[39m[90mâ”€[39m[90mâ”€[39m[90mâ”€[39m[90mâ”€[39m[90mâ”€[39m[90mâ”€[39m[90mâ”€[39m[90mâ”€[39m[90mâ”€[39m[90mâ”€[39m[90mâ”€[39m[90mâ”€[39m[90mâ”€[39m[90mâ”€[39m[90mâ”€[39m[90mâ”€[39m[90mâ”€[39m[90mâ”€[39m[90mâ”€[39m[90mâ”€[39m[90mâ”€[39m[90mâ”€[39m[90mâ”€[39m[90mâ”€[39m[90mâ”€[39m[90mâ”€[39m[90mâ”€[39m[90mâ”€[39m[90mâ”€[39m[90mâ”€[39m[90mâ”€[39m[90mâ”€[39m[90mâ”€[39m[90mâ”€[39m[90mâ”€[39m[90mâ”€[39m[90mâ”€[39m[90mâ”€[39m[90mâ”€[39m[90mâ”€[39m[90mâ”€[39m[90mâ”€[39m[90mâ”€[39m[90mâ”€[39m[90mâ”€[39m[90mâ”€[39m[90mâ”€[39m[90mâ”€[39m[90mâ”€[39m[90mâ”€[39m[90mâ”€[39m[90mâ”€[39m[90mâ”€[39m[90mâ”€[39m[90mâ”€[39m[90mâ”€[39m[90mâ”€[39m[90mâ”€[39m[90mâ”€[39m[90mâ”€[39m[90mâ”€[39m[90mâ”€[39m[90mâ”€[39m[90mâ”€[39m[90mâ”€[39m[90mâ”€[39m[90mâ”€[39m[90mâ”€[39m[90mâ”€[39m[90mâ”€[39m[90mâ”€[39m[90mâ”€[39m[90mâ”€[39m[90mâ”€[39m[90mâ”€[39m[90mâ”€[39m[90mâ”€[39m[90mâ”€[39m[90mâ”€[39m[90mâ”€[39m[90mâ”€[39m[90mâ”€[39m[90mâ”€[39m[90mâ”€[39m[90mâ”€[39m[90mâ”€[39m[90mâ”€[39m[90mâ”€[39m[90mâ”€[39m[90mâ”€[39m[90mâ”€[39m[90mâ”€[39m[90mâ”€[39m[90mâ”€[39m[90mâ”€[39m[90mâ”˜[39m


[90mâ”€[39m[90mâ”€[39m[90mâ”€[39m[90mâ”€[39m[90mâ”€[39m[90mâ”€[39m[90mâ”€[39m[90mâ”€[39m[90mâ”€[39m[90mâ”€[39m[90mâ”€[39m[90mâ”€[39m[90mâ”€[39m[90mâ”€[39m[90mâ”€[39m[90mâ”€[39m[90mâ”€[39m[90mâ”€[39m[90mâ”€[39m[90mâ”€[39m[90mâ”€[39m[90mâ”€[39m[90mâ”€[39m[90mâ”€[39m[90mâ”€[39m[90mâ”€[39m[90mâ”€[39m[90mâ”€[39m[90mâ”€[39m[90mâ”€[39m[90mâ”€[39m[90mâ”€[39m[90mâ”€[39m[90mâ”€[39m[90mâ”€[39m[90mâ”€[39m[90mâ”€[39m[90mâ”€[39m[90mâ”€[39m[90mâ”€[39m[90mâ”€[39m[90mâ”€[39m[90mâ”€[39m[90mâ”€[39m[90mâ”€[39m[90mâ”€[39m[90mâ”€[39m[90mâ”€[39m[90mâ”€[39m[90mâ”€[39m[90mâ”€[39m[90mâ”€[39m[90mâ”€[39m[90mâ”€[39m[90mâ”€[39m[90mâ”€[39m[90mâ”€[39m[90mâ”€[39m[90mâ”€[39m[90mâ”€[39m[90mâ”€[39m[90mâ”€[39m[90mâ”€[39m[90mâ”€[39m[90mâ”€[39m[90mâ”€[39m[90mâ”€[39m[90mâ”€[39m[90mâ”€[39m[90mâ”€[39m[90mâ”€[39m[90mâ”€[39m[90mâ”€[39m[90mâ”€[39m[90mâ”€[39m[90mâ”€[39m[90mâ”€[39m[90mâ”€[39m[90mâ”€[39m[90mâ”€[39m[90mâ”€[39m[90mâ”€[39m[90mâ”€[39m[90mâ”€[39m[90mâ”€[39m[90mâ”€[39m[90mâ”€[39m[90mâ”€[39m[90mâ”€[39m[90mâ”€[39m[90mâ”€[39m[90mâ”€[39m[90mâ”€[39m[90mâ”€[39m[90mâ”€[39m[90mâ”€[39m[90mâ”€[39m[90mâ”€[39m[90mâ”€[39m[90mâ”€[39m
                                                                                                    
  Running:  [90mUsers/adduser.cy.js[39m                                                             [90m(2 of 8)[39m

[0m[0m
[0m  add user[0m
  [32m  âœ“[0m[90m test1[0m[31m (51776ms)[0m


[92m [0m[32m 1 passing[0m[90m (52s)[0m

[[90mmochawesome[39m] Report JSON saved to /e2e/cypress/reports/mochawesome/.jsons/mochawesome_001.json


[32m  ([4m[1mResults[22m[24m)[39m

[90m  â”Œ[39m[90mâ”€[39m[90mâ”€[39m[90mâ”€[39m[90mâ”€[39m[90mâ”€[39m[90mâ”€[39m[90mâ”€[39m[90mâ”€[39m[90mâ”€[39m[90mâ”€[39m[90mâ”€[39m[90mâ”€[39m[90mâ”€[39m[90mâ”€[39m[90mâ”€[39m[90mâ”€[39m[90mâ”€[39m[90mâ”€[39m[90mâ”€[39m[90mâ”€[39m[90mâ”€[39m[90mâ”€[39m[90mâ”€[39m[90mâ”€[39m[90mâ”€[39m[90mâ”€[39m[90mâ”€[39m[90mâ”€[39m[90mâ”€[39m[90mâ”€[39m[90mâ”€[39m[90mâ”€[39m[90mâ”€[39m[90mâ”€[39m[90mâ”€[39m[90mâ”€[39m[90mâ”€[39m[90mâ”€[39m[90mâ”€[39m[90mâ”€[39m[90mâ”€[39m[90mâ”€[39m[90mâ”€[39m[90mâ”€[39m[90mâ”€[39m[90mâ”€[39m[90mâ”€[39m[90mâ”€[39m[90mâ”€[39m[90mâ”€[39m[90mâ”€[39m[90mâ”€[39m[90mâ”€[39m[90mâ”€[39m[90mâ”€[39m[90mâ”€[39m[90mâ”€[39m[90mâ”€[39m[90mâ”€[39m[90mâ”€[39m[90mâ”€[39m[90mâ”€[39m[90mâ”€[39m[90mâ”€[39m[90mâ”€[39m[90mâ”€[39m[90mâ”€[39m[90mâ”€[39m[90mâ”€[39m[90mâ”€[39m[90mâ”€[39m[90mâ”€[39m[90mâ”€[39m[90mâ”€[39m[90mâ”€[39m[90mâ”€[39m[90mâ”€[39m[90mâ”€[39m[90mâ”€[39m[90mâ”€[39m[90mâ”€[39m[90mâ”€[39m[90mâ”€[39m[90mâ”€[39m[90mâ”€[39m[90mâ”€[39m[90mâ”€[39m[90mâ”€[39m[90mâ”€[39m[90mâ”€[39m[90mâ”€[39m[90mâ”€[39m[90mâ”€[39m[90mâ”€[39m[90mâ”€[39m[90mâ”€[39m[90mâ”[39m
[90m  â”‚[39m [90mTests:[39m        [32m1[39m                                                                                [90mâ”‚[39m
[90m  â”‚[39m [90mPassing:[39m      [32m1[39m                                                                                [90mâ”‚[39m
[90m  â”‚[39m [90mFailing:[39m      [32m0[39m                                                                                [90mâ”‚[39m
[90m  â”‚[39m [90mPending:[39m      [32m0[39m                                                                                [90mâ”‚[39m
[90m  â”‚[39m [90mSkipped:[39m      [32m0[39m                                                                                [90mâ”‚[39m
[90m  â”‚[39m [90mScreenshots:[39m  [32m0[39m                                                                                [90mâ”‚[39m
[90m  â”‚[39m [90mVideo:[39m        [32mfalse[39m                                                                            [90mâ”‚[39m
[90m  â”‚[39m [90mDuration:[39m     [32m52 seconds[39m                                                                       [90mâ”‚[39m
[90m  â”‚[39m [90mSpec Ran:[39m     [32m[32mUsers/adduser.cy.js[32m[39m                                                              [90mâ”‚[39m
[90m  â””[39m[90mâ”€[39m[90mâ”€[39m[90mâ”€[39m[90mâ”€[39m[90mâ”€[39m[90mâ”€[39m[90mâ”€[39m[90mâ”€[39m[90mâ”€[39m[90mâ”€[39m[90mâ”€[39m[90mâ”€[39m[90mâ”€[39m[90mâ”€[39m[90mâ”€[39m[90mâ”€[39m[90mâ”€[39m[90mâ”€[39m[90mâ”€[39m[90mâ”€[39m[90mâ”€[39m[90mâ”€[39m[90mâ”€[39m[90mâ”€[39m[90mâ”€[39m[90mâ”€[39m[90mâ”€[39m[90mâ”€[39m[90mâ”€[39m[90mâ”€[39m[90mâ”€[39m[90mâ”€[39m[90mâ”€[39m[90mâ”€[39m[90mâ”€[39m[90mâ”€[39m[90mâ”€[39m[90mâ”€[39m[90mâ”€[39m[90mâ”€[39m[90mâ”€[39m[90mâ”€[39m[90mâ”€[39m[90mâ”€[39m[90mâ”€[39m[90mâ”€[39m[90mâ”€[39m[90mâ”€[39m[90mâ”€[39m[90mâ”€[39m[90mâ”€[39m[90mâ”€[39m[90mâ”€[39m[90mâ”€[39m[90mâ”€[39m[90mâ”€[39m[90mâ”€[39m[90mâ”€[39m[90mâ”€[39m[90mâ”€[39m[90mâ”€[39m[90mâ”€[39m[90mâ”€[39m[90mâ”€[39m[90mâ”€[39m[90mâ”€[39m[90mâ”€[39m[90mâ”€[39m[90mâ”€[39m[90mâ”€[39m[90mâ”€[39m[90mâ”€[39m[90mâ”€[39m[90mâ”€[39m[90mâ”€[39m[90mâ”€[39m[90mâ”€[39m[90mâ”€[39m[90mâ”€[39m[90mâ”€[39m[90mâ”€[39m[90mâ”€[39m[90mâ”€[39m[90mâ”€[39m[90mâ”€[39m[90mâ”€[39m[90mâ”€[39m[90mâ”€[39m[90mâ”€[39m[90mâ”€[39m[90mâ”€[39m[90mâ”€[39m[90mâ”€[39m[90mâ”€[39m[90mâ”€[39m[90mâ”€[39m[90mâ”˜[39m


[90mâ”€[39m[90mâ”€[39m[90mâ”€[39m[90mâ”€[39m[90mâ”€[39m[90mâ”€[39m[90mâ”€[39m[90mâ”€[39m[90mâ”€[39m[90mâ”€[39m[90mâ”€[39m[90mâ”€[39m[90mâ”€[39m[90mâ”€[39m[90mâ”€[39m[90mâ”€[39m[90mâ”€[39m[90mâ”€[39m[90mâ”€[39m[90mâ”€[39m[90mâ”€[39m[90mâ”€[39m[90mâ”€[39m[90mâ”€[39m[90mâ”€[39m[90mâ”€[39m[90mâ”€[39m[90mâ”€[39m[90mâ”€[39m[90mâ”€[39m[90mâ”€[39m[90mâ”€[39m[90mâ”€[39m[90mâ”€[39m[90mâ”€[39m[90mâ”€[39m[90mâ”€[39m[90mâ”€[39m[90mâ”€[39m[90mâ”€[39m[90mâ”€[39m[90mâ”€[39m[90mâ”€[39m[90mâ”€[39m[90mâ”€[39m[90mâ”€[39m[90mâ”€[39m[90mâ”€[39m[90mâ”€[39m[90mâ”€[39m[90mâ”€[39m[90mâ”€[39m[90mâ”€[39m[90mâ”€[39m[90mâ”€[39m[90mâ”€[39m[90mâ”€[39m[90mâ”€[39m[90mâ”€[39m[90mâ”€[39m[90mâ”€[39m[90mâ”€[39m[90mâ”€[39m[90mâ”€[39m[90mâ”€[39m[90mâ”€[39m[90mâ”€[39m[90mâ”€[39m[90mâ”€[39m[90mâ”€[39m[90mâ”€[39m[90mâ”€[39m[90mâ”€[39m[90mâ”€[39m[90mâ”€[39m[90mâ”€[39m[90mâ”€[39m[90mâ”€[39m[90mâ”€[39m[90mâ”€[39m[90mâ”€[39m[90mâ”€[39m[90mâ”€[39m[90mâ”€[39m[90mâ”€[39m[90mâ”€[39m[90mâ”€[39m[90mâ”€[39m[90mâ”€[39m[90mâ”€[39m[90mâ”€[39m[90mâ”€[39m[90mâ”€[39m[90mâ”€[39m[90mâ”€[39m[90mâ”€[39m[90mâ”€[39m[90mâ”€[39m[90mâ”€[39m[90mâ”€[39m
                                                                                                    
  Running:  [90maddGroup/addGroup.cy.js[39m                                                         [90m(3 of 8)[39m

[0m[0m
[0m  add group[0m
  [32m  âœ“[0m[90m test1[0m[31m (38934ms)[0m


[92m [0m[32m 1 passing[0m[90m (39s)[0m

[[90mmochawesome[39m] Report JSON saved to /e2e/cypress/reports/mochawesome/.jsons/mochawesome_002.json


[32m  ([4m[1mResults[22m[24m)[39m

[90m  â”Œ[39m[90mâ”€[39m[90mâ”€[39m[90mâ”€[39m[90mâ”€[39m[90mâ”€[39m[90mâ”€[39m[90mâ”€[39m[90mâ”€[39m[90mâ”€[39m[90mâ”€[39m[90mâ”€[39m[90mâ”€[39m[90mâ”€[39m[90mâ”€[39m[90mâ”€[39m[90mâ”€[39m[90mâ”€[39m[90mâ”€[39m[90mâ”€[39m[90mâ”€[39m[90mâ”€[39m[90mâ”€[39m[90mâ”€[39m[90mâ”€[39m[90mâ”€[39m[90mâ”€[39m[90mâ”€[39m[90mâ”€[39m[90mâ”€[39m[90mâ”€[39m[90mâ”€[39m[90mâ”€[39m[90mâ”€[39m[90mâ”€[39m[90mâ”€[39m[90mâ”€[39m[90mâ”€[39m[90mâ”€[39m[90mâ”€[39m[90mâ”€[39m[90mâ”€[39m[90mâ”€[39m[90mâ”€[39m[90mâ”€[39m[90mâ”€[39m[90mâ”€[39m[90mâ”€[39m[90mâ”€[39m[90mâ”€[39m[90mâ”€[39m[90mâ”€[39m[90mâ”€[39m[90mâ”€[39m[90mâ”€[39m[90mâ”€[39m[90mâ”€[39m[90mâ”€[39m[90mâ”€[39m[90mâ”€[39m[90mâ”€[39m[90mâ”€[39m[90mâ”€[39m[90mâ”€[39m[90mâ”€[39m[90mâ”€[39m[90mâ”€[39m[90mâ”€[39m[90mâ”€[39m[90mâ”€[39m[90mâ”€[39m[90mâ”€[39m[90mâ”€[39m[90mâ”€[39m[90mâ”€[39m[90mâ”€[39m[90mâ”€[39m[90mâ”€[39m[90mâ”€[39m[90mâ”€[39m[90mâ”€[39m[90mâ”€[39m[90mâ”€[39m[90mâ”€[39m[90mâ”€[39m[90mâ”€[39m[90mâ”€[39m[90mâ”€[39m[90mâ”€[39m[90mâ”€[39m[90mâ”€[39m[90mâ”€[39m[90mâ”€[39m[90mâ”€[39m[90mâ”€[39m[90mâ”€[39m[90mâ”€[39m[90mâ”[39m
[90m  â”‚[39m [90mTests:[39m        [32m1[39m                                                                                [90mâ”‚[39m
[90m  â”‚[39m [90mPassing:[39m      [32m1[39m                                                                                [90mâ”‚[39m
[90m  â”‚[39m [90mFailing:[39m      [32m0[39m                                                                                [90mâ”‚[39m
[90m  â”‚[39m [90mPending:[39m      [32m0[39m                                                                                [90mâ”‚[39m
[90m  â”‚[39m [90mSkipped:[39m      [32m0[39m                                                                                [90mâ”‚[39m
[90m  â”‚[39m [90mScreenshots:[39m  [32m0[39m                                                                                [90mâ”‚[39m
[90m  â”‚[39m [90mVideo:[39m        [32mfalse[39m                                                                            [90mâ”‚[39m
[90m  â”‚[39m [90mDuration:[39m     [32m39 seconds[39m                                                                       [90mâ”‚[39m
[90m  â”‚[39m [90mSpec Ran:[39m     [32m[32maddGroup/addGroup.cy.js[32m[39m                                                          [90mâ”‚[39m
[90m  â””[39m[90mâ”€[39m[90mâ”€[39m[90mâ”€[39m[90mâ”€[39m[90mâ”€[39m[90mâ”€[39m[90mâ”€[39m[90mâ”€[39m[90mâ”€[39m[90mâ”€[39m[90mâ”€[39m[90mâ”€[39m[90mâ”€[39m[90mâ”€[39m[90mâ”€[39m[90mâ”€[39m[90mâ”€[39m[90mâ”€[39m[90mâ”€[39m[90mâ”€[39m[90mâ”€[39m[90mâ”€[39m[90mâ”€[39m[90mâ”€[39m[90mâ”€[39m[90mâ”€[39m[90mâ”€[39m[90mâ”€[39m[90mâ”€[39m[90mâ”€[39m[90mâ”€[39m[90mâ”€[39m[90mâ”€[39m[90mâ”€[39m[90mâ”€[39m[90mâ”€[39m[90mâ”€[39m[90mâ”€[39m[90mâ”€[39m[90mâ”€[39m[90mâ”€[39m[90mâ”€[39m[90mâ”€[39m[90mâ”€[39m[90mâ”€[39m[90mâ”€[39m[90mâ”€[39m[90mâ”€[39m[90mâ”€[39m[90mâ”€[39m[90mâ”€[39m[90mâ”€[39m[90mâ”€[39m[90mâ”€[39m[90mâ”€[39m[90mâ”€[39m[90mâ”€[39m[90mâ”€[39m[90mâ”€[39m[90mâ”€[39m[90mâ”€[39m[90mâ”€[39m[90mâ”€[39m[90mâ”€[39m[90mâ”€[39m[90mâ”€[39m[90mâ”€[39m[90mâ”€[39m[90mâ”€[39m[90mâ”€[39m[90mâ”€[39m[90mâ”€[39m[90mâ”€[39m[90mâ”€[39m[90mâ”€[39m[90mâ”€[39m[90mâ”€[39m[90mâ”€[39m[90mâ”€[39m[90mâ”€[39m[90mâ”€[39m[90mâ”€[39m[90mâ”€[39m[90mâ”€[39m[90mâ”€[39m[90mâ”€[39m[90mâ”€[39m[90mâ”€[39m[90mâ”€[39m[90mâ”€[39m[90mâ”€[39m[90mâ”€[39m[90mâ”€[39m[90mâ”€[39m[90mâ”€[39m[90mâ”€[39m[90mâ”˜[39m


[90mâ”€[39m[90mâ”€[39m[90mâ”€[39m[90mâ”€[39m[90mâ”€[39m[90mâ”€[39m[90mâ”€[39m[90mâ”€[39m[90mâ”€[39m[90mâ”€[39m[90mâ”€[39m[90mâ”€[39m[90mâ”€[39m[90mâ”€[39m[90mâ”€[39m[90mâ”€[39m[90mâ”€[39m[90mâ”€[39m[90mâ”€[39m[90mâ”€[39m[90mâ”€[39m[90mâ”€[39m[90mâ”€[39m[90mâ”€[39m[90mâ”€[39m[90mâ”€[39m[90mâ”€[39m[90mâ”€[39m[90mâ”€[39m[90mâ”€[39m[90mâ”€[39m[90mâ”€[39m[90mâ”€[39m[90mâ”€[39m[90mâ”€[39m[90mâ”€[39m[90mâ”€[39m[90mâ”€[39m[90mâ”€[39m[90mâ”€[39m[90mâ”€[39m[90mâ”€[39m[90mâ”€[39m[90mâ”€[39m[90mâ”€[39m[90mâ”€[39m[90mâ”€[39m[90mâ”€[39m[90mâ”€[39m[90mâ”€[39m[90mâ”€[39m[90mâ”€[39m[90mâ”€[39m[90mâ”€[39m[90mâ”€[39m[90mâ”€[39m[90mâ”€[39m[90mâ”€[39m[90mâ”€[39m[90mâ”€[39m[90mâ”€[39m[90mâ”€[39m[90mâ”€[39m[90mâ”€[39m[90mâ”€[39m[90mâ”€[39m[90mâ”€[39m[90mâ”€[39m[90mâ”€[39m[90mâ”€[39m[90mâ”€[39m[90mâ”€[39m[90mâ”€[39m[90mâ”€[39m[90mâ”€[39m[90mâ”€[39m[90mâ”€[39m[90mâ”€[39m[90mâ”€[39m[90mâ”€[39m[90mâ”€[39m[90mâ”€[39m[90mâ”€[39m[90mâ”€[39m[90mâ”€[39m[90mâ”€[39m[90mâ”€[39m[90mâ”€[39m[90mâ”€[39m[90mâ”€[39m[90mâ”€[39m[90mâ”€[39m[90mâ”€[39m[90mâ”€[39m[90mâ”€[39m[90mâ”€[39m[90mâ”€[39m[90mâ”€[39m[90mâ”€[39m[90mâ”€[39m
                                                                                                    
  Running:  [90maddVehicle/WEAddVehicle.cy.js[39m                                                   [90m(4 of 8)[39m

[0m[0m
[0m  addVehicle[0m
  [32m  âœ“[0m[90m Test1[0m[31m (42941ms)[0m


[92m [0m[32m 1 passing[0m[90m (43s)[0m

[[90mmochawesome[39m] Report JSON saved to /e2e/cypress/reports/mochawesome/.jsons/mochawesome_003.json


[32m  ([4m[1mResults[22m[24m)[39m

[90m  â”Œ[39m[90mâ”€[39m[90mâ”€[39m[90mâ”€[39m[90mâ”€[39m[90mâ”€[39m[90mâ”€[39m[90mâ”€[39m[90mâ”€[39m[90mâ”€[39m[90mâ”€[39m[90mâ”€[39m[90mâ”€[39m[90mâ”€[39m[90mâ”€[39m[90mâ”€[39m[90mâ”€[39m[90mâ”€[39m[90mâ”€[39m[90mâ”€[39m[90mâ”€[39m[90mâ”€[39m[90mâ”€[39m[90mâ”€[39m[90mâ”€[39m[90mâ”€[39m[90mâ”€[39m[90mâ”€[39m[90mâ”€[39m[90mâ”€[39m[90mâ”€[39m[90mâ”€[39m[90mâ”€[39m[90mâ”€[39m[90mâ”€[39m[90mâ”€[39m[90mâ”€[39m[90mâ”€[39m[90mâ”€[39m[90mâ”€[39m[90mâ”€[39m[90mâ”€[39m[90mâ”€[39m[90mâ”€[39m[90mâ”€[39m[90mâ”€[39m[90mâ”€[39m[90mâ”€[39m[90mâ”€[39m[90mâ”€[39m[90mâ”€[39m[90mâ”€[39m[90mâ”€[39m[90mâ”€[39m[90mâ”€[39m[90mâ”€[39m[90mâ”€[39m[90mâ”€[39m[90mâ”€[39m[90mâ”€[39m[90mâ”€[39m[90mâ”€[39m[90mâ”€[39m[90mâ”€[39m[90mâ”€[39m[90mâ”€[39m[90mâ”€[39m[90mâ”€[39m[90mâ”€[39m[90mâ”€[39m[90mâ”€[39m[90mâ”€[39m[90mâ”€[39m[90mâ”€[39m[90mâ”€[39m[90mâ”€[39m[90mâ”€[39m[90mâ”€[39m[90mâ”€[39m[90mâ”€[39m[90mâ”€[39m[90mâ”€[39m[90mâ”€[39m[90mâ”€[39m[90mâ”€[39m[90mâ”€[39m[90mâ”€[39m[90mâ”€[39m[90mâ”€[39m[90mâ”€[39m[90mâ”€[39m[90mâ”€[39m[90mâ”€[39m[90mâ”€[39m[90mâ”€[39m[90mâ”€[39m[90mâ”€[39m[90mâ”[39m
[90m  â”‚[39m [90mTests:[39m        [32m1[39m                                                                                [90mâ”‚[39m
[90m  â”‚[39m [90mPassing:[39m      [32m1[39m                                                                                [90mâ”‚[39m
[90m  â”‚[39m [90mFailing:[39m      [32m0[39m                                                                                [90mâ”‚[39m
[90m  â”‚[39m [90mPending:[39m      [32m0[39m                                                                                [90mâ”‚[39m
[90m  â”‚[39m [90mSkipped:[39m      [32m0[39m                                                                                [90mâ”‚[39m
[90m  â”‚[39m [90mScreenshots:[39m  [32m0[39m                                                                                [90mâ”‚[39m
[90m  â”‚[39m [90mVideo:[39m        [32mfalse[39m                                                                            [90mâ”‚[39m
[90m  â”‚[39m [90mDuration:[39m     [32m43 seconds[39m                                                                       [90mâ”‚[39m
[90m  â”‚[39m [90mSpec Ran:[39m     [32m[32maddVehicle/WEAddVehicle.cy.js[32m[39m                                                    [90mâ”‚[39m
[90m  â””[39m[90mâ”€[39m[90mâ”€[39m[90mâ”€[39m[90mâ”€[39m[90mâ”€[39m[90mâ”€[39m[90mâ”€[39m[90mâ”€[39m[90mâ”€[39m[90mâ”€[39m[90mâ”€[39m[90mâ”€[39m[90mâ”€[39m[90mâ”€[39m[90mâ”€[39m[90mâ”€[39m[90mâ”€[39m[90mâ”€[39m[90mâ”€[39m[90mâ”€[39m[90mâ”€[39m[90mâ”€[39m[90mâ”€[39m[90mâ”€[39m[90mâ”€[39m[90mâ”€[39m[90mâ”€[39m[90mâ”€[39m[90mâ”€[39m[90mâ”€[39m[90mâ”€[39m[90mâ”€[39m[90mâ”€[39m[90mâ”€[39m[90mâ”€[39m[90mâ”€[39m[90mâ”€[39m[90mâ”€[39m[90mâ”€[39m[90mâ”€[39m[90mâ”€[39m[90mâ”€[39m[90mâ”€[39m[90mâ”€[39m[90mâ”€[39m[90mâ”€[39m[90mâ”€[39m[90mâ”€[39m[90mâ”€[39m[90mâ”€[39m[90mâ”€[39m[90mâ”€[39m[90mâ”€[39m[90mâ”€[39m[90mâ”€[39m[90mâ”€[39m[90mâ”€[39m[90mâ”€[39m[90mâ”€[39m[90mâ”€[39m[90mâ”€[39m[90mâ”€[39m[90mâ”€[39m[90mâ”€[39m[90mâ”€[39m[90mâ”€[39m[90mâ”€[39m[90mâ”€[39m[90mâ”€[39m[90mâ”€[39m[90mâ”€[39m[90mâ”€[39m[90mâ”€[39m[90mâ”€[39m[90mâ”€[39m[90mâ”€[39m[90mâ”€[39m[90mâ”€[39m[90mâ”€[39m[90mâ”€[39m[90mâ”€[39m[90mâ”€[39m[90mâ”€[39m[90mâ”€[39m[90mâ”€[39m[90mâ”€[39m[90mâ”€[39m[90mâ”€[39m[90mâ”€[39m[90mâ”€[39m[90mâ”€[39m[90mâ”€[39m[90mâ”€[39m[90mâ”€[39m[90mâ”€[39m[90mâ”€[39m[90mâ”˜[39m


[90mâ”€[39m[90mâ”€[39m[90mâ”€[39m[90mâ”€[39m[90mâ”€[39m[90mâ”€[39m[90mâ”€[39m[90mâ”€[39m[90mâ”€[39m[90mâ”€[39m[90mâ”€[39m[90mâ”€[39m[90mâ”€[39m[90mâ”€[39m[90mâ”€[39m[90mâ”€[39m[90mâ”€[39m[90mâ”€[39m[90mâ”€[39m[90mâ”€[39m[90mâ”€[39m[90mâ”€[39m[90mâ”€[39m[90mâ”€[39m[90mâ”€[39m[90mâ”€[39m[90mâ”€[39m[90mâ”€[39m[90mâ”€[39m[90mâ”€[39m[90mâ”€[39m[90mâ”€[39m[90mâ”€[39m[90mâ”€[39m[90mâ”€[39m[90mâ”€[39m[90mâ”€[39m[90mâ”€[39m[90mâ”€[39m[90mâ”€[39m[90mâ”€[39m[90mâ”€[39m[90mâ”€[39m[90mâ”€[39m[90mâ”€[39m[90mâ”€[39m[90mâ”€[39m[90mâ”€[39m[90mâ”€[39m[90mâ”€[39m[90mâ”€[39m[90mâ”€[39m[90mâ”€[39m[90mâ”€[39m[90mâ”€[39m[90mâ”€[39m[90mâ”€[39m[90mâ”€[39m[90mâ”€[39m[90mâ”€[39m[90mâ”€[39m[90mâ”€[39m[90mâ”€[39m[90mâ”€[39m[90mâ”€[39m[90mâ”€[39m[90mâ”€[39m[90mâ”€[39m[90mâ”€[39m[90mâ”€[39m[90mâ”€[39m[90mâ”€[39m[90mâ”€[39m[90mâ”€[39m[90mâ”€[39m[90mâ”€[39m[90mâ”€[39m[90mâ”€[39m[90mâ”€[39m[90mâ”€[39m[90mâ”€[39m[90mâ”€[39m[90mâ”€[39m[90mâ”€[39m[90mâ”€[39m[90mâ”€[39m[90mâ”€[39m[90mâ”€[39m[90mâ”€[39m[90mâ”€[39m[90mâ”€[39m[90mâ”€[39m[90mâ”€[39m[90mâ”€[39m[90mâ”€[39m[90mâ”€[39m[90mâ”€[39m[90mâ”€[39m[90mâ”€[39m[90mâ”€[39m
                                                                                                    
  Running:  [90mbids/WEBidAppraisal.cy.js[39m                                                       [90m(5 of 8)[39m

[0m[0m
[0m  bidAppraisal[0m
  [31m  1) test1[0m


[92m [0m[32m 0 passing[0m[90m (12s)[0m
[31m  1 failing[0m

[0m  1) bidAppraisal
       test1:
[0m[31m     AssertionError: Timed out retrying after 4000ms: Expected to find element: `input[placeholder="you@example.com"]`, but never found it.[0m[90m
      at Context.eval (webpack://cypressautomation/./cypress/e2e/bids/WEBidAppraisal.cy.js:13:9)
[0m


[[90mmochawesome[39m] Report JSON saved to /e2e/cypress/reports/mochawesome/.jsons/mochawesome_004.json


[31m  ([4m[1mResults[22m[24m)[39m

[90m  â”Œ[39m[90mâ”€[39m[90mâ”€[39m[90mâ”€[39m[90mâ”€[39m[90mâ”€[39m[90mâ”€[39m[90mâ”€[39m[90mâ”€[39m[90mâ”€[39m[90mâ”€[39m[90mâ”€[39m[90mâ”€[39m[90mâ”€[39m[90mâ”€[39m[90mâ”€[39m[90mâ”€[39m[90mâ”€[39m[90mâ”€[39m[90mâ”€[39m[90mâ”€[39m[90mâ”€[39m[90mâ”€[39m[90mâ”€[39m[90mâ”€[39m[90mâ”€[39m[90mâ”€[39m[90mâ”€[39m[90mâ”€[39m[90mâ”€[39m[90mâ”€[39m[90mâ”€[39m[90mâ”€[39m[90mâ”€[39m[90mâ”€[39m[90mâ”€[39m[90mâ”€[39m[90mâ”€[39m[90mâ”€[39m[90mâ”€[39m[90mâ”€[39m[90mâ”€[39m[90mâ”€[39m[90mâ”€[39m[90mâ”€[39m[90mâ”€[39m[90mâ”€[39m[90mâ”€[39m[90mâ”€[39m[90mâ”€[39m[90mâ”€[39m[90mâ”€[39m[90mâ”€[39m[90mâ”€[39m[90mâ”€[39m[90mâ”€[39m[90mâ”€[39m[90mâ”€[39m[90mâ”€[39m[90mâ”€[39m[90mâ”€[39m[90mâ”€[39m[90mâ”€[39m[90mâ”€[39m[90mâ”€[39m[90mâ”€[39m[90mâ”€[39m[90mâ”€[39m[90mâ”€[39m[90mâ”€[39m[90mâ”€[39m[90mâ”€[39m[90mâ”€[39m[90mâ”€[39m[90mâ”€[39m[90mâ”€[39m[90mâ”€[39m[90mâ”€[39m[90mâ”€[39m[90mâ”€[39m[90mâ”€[39m[90mâ”€[39m[90mâ”€[39m[90mâ”€[39m[90mâ”€[39m[90mâ”€[39m[90mâ”€[39m[90mâ”€[39m[90mâ”€[39m[90mâ”€[39m[90mâ”€[39m[90mâ”€[39m[90mâ”€[39m[90mâ”€[39m[90mâ”€[39m[90mâ”€[39m[90mâ”€[39m[90mâ”[39m
[90m  â”‚[39m [90mTests:[39m        [31m1[39m                                                                                [90mâ”‚[39m
[90m  â”‚[39m [90mPassing:[39m      [31m0[39m                                                                                [90mâ”‚[39m
[90m  â”‚[39m [90mFailing:[39m      [31m1[39m                                                                                [90mâ”‚[39m
[90m  â”‚[39m [90mPending:[39m      [31m0[39m                                                                                [90mâ”‚[39m
[90m  â”‚[39m [90mSkipped:[39m      [31m0[39m                                                                                [90mâ”‚[39m
[90m  â”‚[39m [90mScreenshots:[39m  [31m1[39m                                                                                [90mâ”‚[39m
[90m  â”‚[39m [90mVideo:[39m        [31mfalse[39m                                                                            [90mâ”‚[39m
[90m  â”‚[39m [90mDuration:[39m     [31m12 seconds[39m                                                                       [90mâ”‚[39m
[90m  â”‚[39m [90mSpec Ran:[39m     [31m[31mbids/WEBidAppraisal.cy.js[31m[39m                                                        [90mâ”‚[39m
[90m  â””[39m[90mâ”€[39m[90mâ”€[39m[90mâ”€[39m[90mâ”€[39m[90mâ”€[39m[90mâ”€[39m[90mâ”€[39m[90mâ”€[39m[90mâ”€[39m[90mâ”€[39m[90mâ”€[39m[90mâ”€[39m[90mâ”€[39m[90mâ”€[39m[90mâ”€[39m[90mâ”€[39m[90mâ”€[39m[90mâ”€[39m[90mâ”€[39m[90mâ”€[39m[90mâ”€[39m[90mâ”€[39m[90mâ”€[39m[90mâ”€[39m[90mâ”€[39m[90mâ”€[39m[90mâ”€[39m[90mâ”€[39m[90mâ”€[39m[90mâ”€[39m[90mâ”€[39m[90mâ”€[39m[90mâ”€[39m[90mâ”€[39m[90mâ”€[39m[90mâ”€[39m[90mâ”€[39m[90mâ”€[39m[90mâ”€[39m[90mâ”€[39m[90mâ”€[39m[90mâ”€[39m[90mâ”€[39m[90mâ”€[39m[90mâ”€[39m[90mâ”€[39m[90mâ”€[39m[90mâ”€[39m[90mâ”€[39m[90mâ”€[39m[90mâ”€[39m[90mâ”€[39m[90mâ”€[39m[90mâ”€[39m[90mâ”€[39m[90mâ”€[39m[90mâ”€[39m[90mâ”€[39m[90mâ”€[39m[90mâ”€[39m[90mâ”€[39m[90mâ”€[39m[90mâ”€[39m[90mâ”€[39m[90mâ”€[39m[90mâ”€[39m[90mâ”€[39m[90mâ”€[39m[90mâ”€[39m[90mâ”€[39m[90mâ”€[39m[90mâ”€[39m[90mâ”€[39m[90mâ”€[39m[90mâ”€[39m[90mâ”€[39m[90mâ”€[39m[90mâ”€[39m[90mâ”€[39m[90mâ”€[39m[90mâ”€[39m[90mâ”€[39m[90mâ”€[39m[90mâ”€[39m[90mâ”€[39m[90mâ”€[39m[90mâ”€[39m[90mâ”€[39m[90mâ”€[39m[90mâ”€[39m[90mâ”€[39m[90mâ”€[39m[90mâ”€[39m[90mâ”€[39m[90mâ”€[39m[90mâ”€[39m[90mâ”˜[39m


[33m  ([4m[1mScreenshots[22m[24m)[39m

[90m [39m -  [0m/e2e/cypress/screenshots/bids/WEBidAppraisal.cy.js/bidAppraisal -- test1 (failed[0m     [90m[90m(1280x581)[90m[39m
[90m [39m    [0m).png[0m                                                                                          


[90mâ”€[39m[90mâ”€[39m[90mâ”€[39m[90mâ”€[39m[90mâ”€[39m[90mâ”€[39m[90mâ”€[39m[90mâ”€[39m[90mâ”€[39m[90mâ”€[39m[90mâ”€[39m[90mâ”€[39m[90mâ”€[39m[90mâ”€[39m[90mâ”€[39m[90mâ”€[39m[90mâ”€[39m[90mâ”€[39m[90mâ”€[39m[90mâ”€[39m[90mâ”€[39m[90mâ”€[39m[90mâ”€[39m[90mâ”€[39m[90mâ”€[39m[90mâ”€[39m[90mâ”€[39m[90mâ”€[39m[90mâ”€[39m[90mâ”€[39m[90mâ”€[39m[90mâ”€[39m[90mâ”€[39m[90mâ”€[39m[90mâ”€[39m[90mâ”€[39m[90mâ”€[39m[90mâ”€[39m[90mâ”€[39m[90mâ”€[39m[90mâ”€[39m[90mâ”€[39m[90mâ”€[39m[90mâ”€[39m[90mâ”€[39m[90mâ”€[39m[90mâ”€[39m[90mâ”€[39m[90mâ”€[39m[90mâ”€[39m[90mâ”€[39m[90mâ”€[39m[90mâ”€[39m[90mâ”€[39m[90mâ”€[39m[90mâ”€[39m[90mâ”€[39m[90mâ”€[39m[90mâ”€[39m[90mâ”€[39m[90mâ”€[39m[90mâ”€[39m[90mâ”€[39m[90mâ”€[39m[90mâ”€[39m[90mâ”€[39m[90mâ”€[39m[90mâ”€[39m[90mâ”€[39m[90mâ”€[39m[90mâ”€[39m[90mâ”€[39m[90mâ”€[39m[90mâ”€[39m[90mâ”€[39m[90mâ”€[39m[90mâ”€[39m[90mâ”€[39m[90mâ”€[39m[90mâ”€[39m[90mâ”€[39m[90mâ”€[39m[90mâ”€[39m[90mâ”€[39m[90mâ”€[39m[90mâ”€[39m[90mâ”€[39m[90mâ”€[39m[90mâ”€[39m[90mâ”€[39m[90mâ”€[39m[90mâ”€[39m[90mâ”€[39m[90mâ”€[39m[90mâ”€[39m[90mâ”€[39m[90mâ”€[39m[90mâ”€[39m[90mâ”€[39m[90mâ”€[39m
                                                                                                    
  Running:  [90mbids/WEBidAvailableNow.cy.js[39m                                                    [90m(6 of 8)[39m

[0m[0m
[0m  bidAvailableNow[0m
  [31m  1) test1[0m


[92m [0m[32m 0 passing[0m[90m (7s)[0m
[31m  1 failing[0m

[0m  1) bidAvailableNow
       test1:
[0m[31m     AssertionError: Timed out retrying after 4000ms: Expected to find element: `input[placeholder="you@example.com"]`, but never found it.[0m[90m
      at Context.eval (webpack://cypressautomation/./cypress/e2e/bids/WEBidAvailableNow.cy.js:14:9)
[0m


[[90mmochawesome[39m] Report JSON saved to /e2e/cypress/reports/mochawesome/.jsons/mochawesome_005.json


[31m  ([4m[1mResults[22m[24m)[39m

[90m  â”Œ[39m[90mâ”€[39m[90mâ”€[39m[90mâ”€[39m[90mâ”€[39m[90mâ”€[39m[90mâ”€[39m[90mâ”€[39m[90mâ”€[39m[90mâ”€[39m[90mâ”€[39m[90mâ”€[39m[90mâ”€[39m[90mâ”€[39m[90mâ”€[39m[90mâ”€[39m[90mâ”€[39m[90mâ”€[39m[90mâ”€[39m[90mâ”€[39m[90mâ”€[39m[90mâ”€[39m[90mâ”€[39m[90mâ”€[39m[90mâ”€[39m[90mâ”€[39m[90mâ”€[39m[90mâ”€[39m[90mâ”€[39m[90mâ”€[39m[90mâ”€[39m[90mâ”€[39m[90mâ”€[39m[90mâ”€[39m[90mâ”€[39m[90mâ”€[39m[90mâ”€[39m[90mâ”€[39m[90mâ”€[39m[90mâ”€[39m[90mâ”€[39m[90mâ”€[39m[90mâ”€[39m[90mâ”€[39m[90mâ”€[39m[90mâ”€[39m[90mâ”€[39m[90mâ”€[39m[90mâ”€[39m[90mâ”€[39m[90mâ”€[39m[90mâ”€[39m[90mâ”€[39m[90mâ”€[39m[90mâ”€[39m[90mâ”€[39m[90mâ”€[39m[90mâ”€[39m[90mâ”€[39m[90mâ”€[39m[90mâ”€[39m[90mâ”€[39m[90mâ”€[39m[90mâ”€[39m[90mâ”€[39m[90mâ”€[39m[90mâ”€[39m[90mâ”€[39m[90mâ”€[39m[90mâ”€[39m[90mâ”€[39m[90mâ”€[39m[90mâ”€[39m[90mâ”€[39m[90mâ”€[39m[90mâ”€[39m[90mâ”€[39m[90mâ”€[39m[90mâ”€[39m[90mâ”€[39m[90mâ”€[39m[90mâ”€[39m[90mâ”€[39m[90mâ”€[39m[90mâ”€[39m[90mâ”€[39m[90mâ”€[39m[90mâ”€[39m[90mâ”€[39m[90mâ”€[39m[90mâ”€[39m[90mâ”€[39m[90mâ”€[39m[90mâ”€[39m[90mâ”€[39m[90mâ”€[39m[90mâ”€[39m[90mâ”[39m
[90m  â”‚[39m [90mTests:[39m        [31m1[39m                                                                                [90mâ”‚[39m
[90m  â”‚[39m [90mPassing:[39m      [31m0[39m                                                                                [90mâ”‚[39m
[90m  â”‚[39m [90mFailing:[39m      [31m1[39m                                                                                [90mâ”‚[39m
[90m  â”‚[39m [90mPending:[39m      [31m0[39m                                                                                [90mâ”‚[39m
[90m  â”‚[39m [90mSkipped:[39m      [31m0[39m                                                                                [90mâ”‚[39m
[90m  â”‚[39m [90mScreenshots:[39m  [31m1[39m                                                                                [90mâ”‚[39m
[90m  â”‚[39m [90mVideo:[39m        [31mfalse[39m                                                                            [90mâ”‚[39m
[90m  â”‚[39m [90mDuration:[39m     [31m7 seconds[39m                                                                        [90mâ”‚[39m
[90m  â”‚[39m [90mSpec Ran:[39m     [31m[31mbids/WEBidAvailableNow.cy.js[31m[39m                                                     [90mâ”‚[39m
[90m  â””[39m[90mâ”€[39m[90mâ”€[39m[90mâ”€[39m[90mâ”€[39m[90mâ”€[39m[90mâ”€[39m[90mâ”€[39m[90mâ”€[39m[90mâ”€[39m[90mâ”€[39m[90mâ”€[39m[90mâ”€[39m[90mâ”€[39m[90mâ”€[39m[90mâ”€[39m[90mâ”€[39m[90mâ”€[39m[90mâ”€[39m[90mâ”€[39m[90mâ”€[39m[90mâ”€[39m[90mâ”€[39m[90mâ”€[39m[90mâ”€[39m[90mâ”€[39m[90mâ”€[39m[90mâ”€[39m[90mâ”€[39m[90mâ”€[39m[90mâ”€[39m[90mâ”€[39m[90mâ”€[39m[90mâ”€[39m[90mâ”€[39m[90mâ”€[39m[90mâ”€[39m[90mâ”€[39m[90mâ”€[39m[90mâ”€[39m[90mâ”€[39m[90mâ”€[39m[90mâ”€[39m[90mâ”€[39m[90mâ”€[39m[90mâ”€[39m[90mâ”€[39m[90mâ”€[39m[90mâ”€[39m[90mâ”€[39m[90mâ”€[39m[90mâ”€[39m[90mâ”€[39m[90mâ”€[39m[90mâ”€[39m[90mâ”€[39m[90mâ”€[39m[90mâ”€[39m[90mâ”€[39m[90mâ”€[39m[90mâ”€[39m[90mâ”€[39m[90mâ”€[39m[90mâ”€[39m[90mâ”€[39m[90mâ”€[39m[90mâ”€[39m[90mâ”€[39m[90mâ”€[39m[90mâ”€[39m[90mâ”€[39m[90mâ”€[39m[90mâ”€[39m[90mâ”€[39m[90mâ”€[39m[90mâ”€[39m[90mâ”€[39m[90mâ”€[39m[90mâ”€[39m[90mâ”€[39m[90mâ”€[39m[90mâ”€[39m[90mâ”€[39m[90mâ”€[39m[90mâ”€[39m[90mâ”€[39m[90mâ”€[39m[90mâ”€[39m[90mâ”€[39m[90mâ”€[39m[90mâ”€[39m[90mâ”€[39m[90mâ”€[39m[90mâ”€[39m[90mâ”€[39m[90mâ”€[39m[90mâ”€[39m[90mâ”˜[39m


[33m  ([4m[1mScreenshots[22m[24m)[39m

[90m [39m -  [0m/e2e/cypress/screenshots/bids/WEBidAvailableNow.cy.js/bidAvailableNow -- test1 ([0m     [90m[90m(1280x581)[90m[39m
[90m [39m    [0mfailed).png[0m                                                                                    


[90mâ”€[39m[90mâ”€[39m[90mâ”€[39m[90mâ”€[39m[90mâ”€[39m[90mâ”€[39m[90mâ”€[39m[90mâ”€[39m[90mâ”€[39m[90mâ”€[39m[90mâ”€[39m[90mâ”€[39m[90mâ”€[39m[90mâ”€[39m[90mâ”€[39m[90mâ”€[39m[90mâ”€[39m[90mâ”€[39m[90mâ”€[39m[90mâ”€[39m[90mâ”€[39m[90mâ”€[39m[90mâ”€[39m[90mâ”€[39m[90mâ”€[39m[90mâ”€[39m[90mâ”€[39m[90mâ”€[39m[90mâ”€[39m[90mâ”€[39m[90mâ”€[39m[90mâ”€[39m[90mâ”€[39m[90mâ”€[39m[90mâ”€[39m[90mâ”€[39m[90mâ”€[39m[90mâ”€[39m[90mâ”€[39m[90mâ”€[39m[90mâ”€[39m[90mâ”€[39m[90mâ”€[39m[90mâ”€[39m[90mâ”€[39m[90mâ”€[39m[90mâ”€[39m[90mâ”€[39m[90mâ”€[39m[90mâ”€[39m[90mâ”€[39m[90mâ”€[39m[90mâ”€[39m[90mâ”€[39m[90mâ”€[39m[90mâ”€[39m[90mâ”€[39m[90mâ”€[39m[90mâ”€[39m[90mâ”€[39m[90mâ”€[39m[90mâ”€[39m[90mâ”€[39m[90mâ”€[39m[90mâ”€[39m[90mâ”€[39m[90mâ”€[39m[90mâ”€[39m[90mâ”€[39m[90mâ”€[39m[90mâ”€[39m[90mâ”€[39m[90mâ”€[39m[90mâ”€[39m[90mâ”€[39m[90mâ”€[39m[90mâ”€[39m[90mâ”€[39m[90mâ”€[39m[90mâ”€[39m[90mâ”€[39m[90mâ”€[39m[90mâ”€[39m[90mâ”€[39m[90mâ”€[39m[90mâ”€[39m[90mâ”€[39m[90mâ”€[39m[90mâ”€[39m[90mâ”€[39m[90mâ”€[39m[90mâ”€[39m[90mâ”€[39m[90mâ”€[39m[90mâ”€[39m[90mâ”€[39m[90mâ”€[39m[90mâ”€[39m[90mâ”€[39m[90mâ”€[39m
                                                                                                    
  Running:  [90mbids/WEProxyAvailableNow.cy.js[39m                                                  [90m(7 of 8)[39m

[0m[0m
[0m  bidAvailableNow[0m
  [31m  1) test1[0m


[92m [0m[32m 0 passing[0m[90m (6s)[0m
[31m  1 failing[0m

[0m  1) bidAvailableNow
       test1:
[0m[31m     AssertionError: Timed out retrying after 4000ms: Expected to find element: `input[placeholder="you@example.com"]`, but never found it.[0m[90m
      at Context.eval (webpack://cypressautomation/./cypress/e2e/bids/WEProxyAvailableNow.cy.js:12:11)
[0m


[[90mmochawesome[39m] Report JSON saved to /e2e/cypress/reports/mochawesome/.jsons/mochawesome_006.json


[31m  ([4m[1mResults[22m[24m)[39m

[90m  â”Œ[39m[90mâ”€[39m[90mâ”€[39m[90mâ”€[39m[90mâ”€[39m[90mâ”€[39m[90mâ”€[39m[90mâ”€[39m[90mâ”€[39m[90mâ”€[39m[90mâ”€[39m[90mâ”€[39m[90mâ”€[39m[90mâ”€[39m[90mâ”€[39m[90mâ”€[39m[90mâ”€[39m[90mâ”€[39m[90mâ”€[39m[90mâ”€[39m[90mâ”€[39m[90mâ”€[39m[90mâ”€[39m[90mâ”€[39m[90mâ”€[39m[90mâ”€[39m[90mâ”€[39m[90mâ”€[39m[90mâ”€[39m[90mâ”€[39m[90mâ”€[39m[90mâ”€[39m[90mâ”€[39m[90mâ”€[39m[90mâ”€[39m[90mâ”€[39m[90mâ”€[39m[90mâ”€[39m[90mâ”€[39m[90mâ”€[39m[90mâ”€[39m[90mâ”€[39m[90mâ”€[39m[90mâ”€[39m[90mâ”€[39m[90mâ”€[39m[90mâ”€[39m[90mâ”€[39m[90mâ”€[39m[90mâ”€[39m[90mâ”€[39m[90mâ”€[39m[90mâ”€[39m[90mâ”€[39m[90mâ”€[39m[90mâ”€[39m[90mâ”€[39m[90mâ”€[39m[90mâ”€[39m[90mâ”€[39m[90mâ”€[39m[90mâ”€[39m[90mâ”€[39m[90mâ”€[39m[90mâ”€[39m[90mâ”€[39m[90mâ”€[39m[90mâ”€[39m[90mâ”€[39m[90mâ”€[39m[90mâ”€[39m[90mâ”€[39m[90mâ”€[39m[90mâ”€[39m[90mâ”€[39m[90mâ”€[39m[90mâ”€[39m[90mâ”€[39m[90mâ”€[39m[90mâ”€[39m[90mâ”€[39m[90mâ”€[39m[90mâ”€[39m[90mâ”€[39m[90mâ”€[39m[90mâ”€[39m[90mâ”€[39m[90mâ”€[39m[90mâ”€[39m[90mâ”€[39m[90mâ”€[39m[90mâ”€[39m[90mâ”€[39m[90mâ”€[39m[90mâ”€[39m[90mâ”€[39m[90mâ”€[39m[90mâ”[39m
[90m  â”‚[39m [90mTests:[39m        [31m1[39m                                                                                [90mâ”‚[39m
[90m  â”‚[39m [90mPassing:[39m      [31m0[39m                                                                                [90mâ”‚[39m
[90m  â”‚[39m [90mFailing:[39m      [31m1[39m                                                                                [90mâ”‚[39m
[90m  â”‚[39m [90mPending:[39m      [31m0[39m                                                                                [90mâ”‚[39m
[90m  â”‚[39m [90mSkipped:[39m      [31m0[39m                                                                                [90mâ”‚[39m
[90m  â”‚[39m [90mScreenshots:[39m  [31m1[39m                                                                                [90mâ”‚[39m
[90m  â”‚[39m [90mVideo:[39m        [31mfalse[39m                                                                            [90mâ”‚[39m
[90m  â”‚[39m [90mDuration:[39m     [31m6 seconds[39m                                                                        [90mâ”‚[39m
[90m  â”‚[39m [90mSpec Ran:[39m     [31m[31mbids/WEProxyAvailableNow.cy.js[31m[39m                                                   [90mâ”‚[39m
[90m  â””[39m[90mâ”€[39m[90mâ”€[39m[90mâ”€[39m[90mâ”€[39m[90mâ”€[39m[90mâ”€[39m[90mâ”€[39m[90mâ”€[39m[90mâ”€[39m[90mâ”€[39m[90mâ”€[39m[90mâ”€[39m[90mâ”€[39m[90mâ”€[39m[90mâ”€[39m[90mâ”€[39m[90mâ”€[39m[90mâ”€[39m[90mâ”€[39m[90mâ”€[39m[90mâ”€[39m[90mâ”€[39m[90mâ”€[39m[90mâ”€[39m[90mâ”€[39m[90mâ”€[39m[90mâ”€[39m[90mâ”€[39m[90mâ”€[39m[90mâ”€[39m[90mâ”€[39m[90mâ”€[39m[90mâ”€[39m[90mâ”€[39m[90mâ”€[39m[90mâ”€[39m[90mâ”€[39m[90mâ”€[39m[90mâ”€[39m[90mâ”€[39m[90mâ”€[39m[90mâ”€[39m[90mâ”€[39m[90mâ”€[39m[90mâ”€[39m[90mâ”€[39m[90mâ”€[39m[90mâ”€[39m[90mâ”€[39m[90mâ”€[39m[90mâ”€[39m[90mâ”€[39m[90mâ”€[39m[90mâ”€[39m[90mâ”€[39m[90mâ”€[39m[90mâ”€[39m[90mâ”€[39m[90mâ”€[39m[90mâ”€[39m[90mâ”€[39m[90mâ”€[39m[90mâ”€[39m[90mâ”€[39m[90mâ”€[39m[90mâ”€[39m[90mâ”€[39m[90mâ”€[39m[90mâ”€[39m[90mâ”€[39m[90mâ”€[39m[90mâ”€[39m[90mâ”€[39m[90mâ”€[39m[90mâ”€[39m[90mâ”€[39m[90mâ”€[39m[90mâ”€[39m[90mâ”€[39m[90mâ”€[39m[90mâ”€[39m[90mâ”€[39m[90mâ”€[39m[90mâ”€[39m[90mâ”€[39m[90mâ”€[39m[90mâ”€[39m[90mâ”€[39m[90mâ”€[39m[90mâ”€[39m[90mâ”€[39m[90mâ”€[39m[90mâ”€[39m[90mâ”€[39m[90mâ”€[39m[90mâ”€[39m[90mâ”˜[39m


[33m  ([4m[1mScreenshots[22m[24m)[39m

[90m [39m -  [0m/e2e/cypress/screenshots/bids/WEProxyAvailableNow.cy.js/bidAvailableNow -- test1[0m     [90m[90m(1280x581)[90m[39m
[90m [39m    [0m (failed).png[0m                                                                                  


[90mâ”€[39m[90mâ”€[39m[90mâ”€[39m[90mâ”€[39m[90mâ”€[39m[90mâ”€[39m[90mâ”€[39m[90mâ”€[39m[90mâ”€[39m[90mâ”€[39m[90mâ”€[39m[90mâ”€[39m[90mâ”€[39m[90mâ”€[39m[90mâ”€[39m[90mâ”€[39m[90mâ”€[39m[90mâ”€[39m[90mâ”€[39m[90mâ”€[39m[90mâ”€[39m[90mâ”€[39m[90mâ”€[39m[90mâ”€[39m[90mâ”€[39m[90mâ”€[39m[90mâ”€[39m[90mâ”€[39m[90mâ”€[39m[90mâ”€[39m[90mâ”€[39m[90mâ”€[39m[90mâ”€[39m[90mâ”€[39m[90mâ”€[39m[90mâ”€[39m[90mâ”€[39m[90mâ”€[39m[90mâ”€[39m[90mâ”€[39m[90mâ”€[39m[90mâ”€[39m[90mâ”€[39m[90mâ”€[39m[90mâ”€[39m[90mâ”€[39m[90mâ”€[39m[90mâ”€[39m[90mâ”€[39m[90mâ”€[39m[90mâ”€[39m[90mâ”€[39m[90mâ”€[39m[90mâ”€[39m[90mâ”€[39m[90mâ”€[39m[90mâ”€[39m[90mâ”€[39m[90mâ”€[39m[90mâ”€[39m[90mâ”€[39m[90mâ”€[39m[90mâ”€[39m[90mâ”€[39m[90mâ”€[39m[90mâ”€[39m[90mâ”€[39m[90mâ”€[39m[90mâ”€[39m[90mâ”€[39m[90mâ”€[39m[90mâ”€[39m[90mâ”€[39m[90mâ”€[39m[90mâ”€[39m[90mâ”€[39m[90mâ”€[39m[90mâ”€[39m[90mâ”€[39m[90mâ”€[39m[90mâ”€[39m[90mâ”€[39m[90mâ”€[39m[90mâ”€[39m[90mâ”€[39m[90mâ”€[39m[90mâ”€[39m[90mâ”€[39m[90mâ”€[39m[90mâ”€[39m[90mâ”€[39m[90mâ”€[39m[90mâ”€[39m[90mâ”€[39m[90mâ”€[39m[90mâ”€[39m[90mâ”€[39m[90mâ”€[39m[90mâ”€[39m[90mâ”€[39m
                                                                                                    
  Running:  [90mlogin/WELogin.cy.js[39m                                                             [90m(8 of 8)[39m

[0m[0m
[0m  login[0m
  [31m  1) Test1[0m


[92m [0m[32m 0 passing[0m[90m (7s)[0m
[31m  1 failing[0m

[0m  1) login
       Test1:
[0m[31m     AssertionError: Timed out retrying after 4000ms: Expected to find element: `input[placeholder="you@example.com"]`, but never found it.[0m[90m
      at Context.eval (webpack://cypressautomation/./cypress/e2e/login/WELogin.cy.js:11:9)
[0m


[[90mmochawesome[39m] Report JSON saved to /e2e/cypress/reports/mochawesome/.jsons/mochawesome_007.json


[31m  ([4m[1mResults[22m[24m)[39m

[90m  â”Œ[39m[90mâ”€[39m[90mâ”€[39m[90mâ”€[39m[90mâ”€[39m[90mâ”€[39m[90mâ”€[39m[90mâ”€[39m[90mâ”€[39m[90mâ”€[39m[90mâ”€[39m[90mâ”€[39m[90mâ”€[39m[90mâ”€[39m[90mâ”€[39m[90mâ”€[39m[90mâ”€[39m[90mâ”€[39m[90mâ”€[39m[90mâ”€[39m[90mâ”€[39m[90mâ”€[39m[90mâ”€[39m[90mâ”€[39m[90mâ”€[39m[90mâ”€[39m[90mâ”€[39m[90mâ”€[39m[90mâ”€[39m[90mâ”€[39m[90mâ”€[39m[90mâ”€[39m[90mâ”€[39m[90mâ”€[39m[90mâ”€[39m[90mâ”€[39m[90mâ”€[39m[90mâ”€[39m[90mâ”€[39m[90mâ”€[39m[90mâ”€[39m[90mâ”€[39m[90mâ”€[39m[90mâ”€[39m[90mâ”€[39m[90mâ”€[39m[90mâ”€[39m[90mâ”€[39m[90mâ”€[39m[90mâ”€[39m[90mâ”€[39m[90mâ”€[39m[90mâ”€[39m[90mâ”€[39m[90mâ”€[39m[90mâ”€[39m[90mâ”€[39m[90mâ”€[39m[90mâ”€[39m[90mâ”€[39m[90mâ”€[39m[90mâ”€[39m[90mâ”€[39m[90mâ”€[39m[90mâ”€[39m[90mâ”€[39m[90mâ”€[39m[90mâ”€[39m[90mâ”€[39m[90mâ”€[39m[90mâ”€[39m[90mâ”€[39m[90mâ”€[39m[90mâ”€[39m[90mâ”€[39m[90mâ”€[39m[90mâ”€[39m[90mâ”€[39m[90mâ”€[39m[90mâ”€[39m[90mâ”€[39m[90mâ”€[39m[90mâ”€[39m[90mâ”€[39m[90mâ”€[39m[90mâ”€[39m[90mâ”€[39m[90mâ”€[39m[90mâ”€[39m[90mâ”€[39m[90mâ”€[39m[90mâ”€[39m[90mâ”€[39m[90mâ”€[39m[90mâ”€[39m[90mâ”€[39m[90mâ”€[39m[90mâ”[39m
[90m  â”‚[39m [90mTests:[39m        [31m1[39m                                                                                [90mâ”‚[39m
[90m  â”‚[39m [90mPassing:[39m      [31m0[39m                                                                                [90mâ”‚[39m
[90m  â”‚[39m [90mFailing:[39m      [31m1[39m                                                                                [90mâ”‚[39m
[90m  â”‚[39m [90mPending:[39m      [31m0[39m                                                                                [90mâ”‚[39m
[90m  â”‚[39m [90mSkipped:[39m      [31m0[39m                                                                                [90mâ”‚[39m
[90m  â”‚[39m [90mScreenshots:[39m  [31m1[39m                                                                                [90mâ”‚[39m
[90m  â”‚[39m [90mVideo:[39m        [31mfalse[39m                                                                            [90mâ”‚[39m
[90m  â”‚[39m [90mDuration:[39m     [31m6 seconds[39m                                                                        [90mâ”‚[39m
[90m  â”‚[39m [90mSpec Ran:[39m     [31m[31mlogin/WELogin.cy.js[31m[39m                                                              [90mâ”‚[39m
[90m  â””[39m[90mâ”€[39m[90mâ”€[39m[90mâ”€[39m[90mâ”€[39m[90mâ”€[39m[90mâ”€[39m[90mâ”€[39m[90mâ”€[39m[90mâ”€[39m[90mâ”€[39m[90mâ”€[39m[90mâ”€[39m[90mâ”€[39m[90mâ”€[39m[90mâ”€[39m[90mâ”€[39m[90mâ”€[39m[90mâ”€[39m[90mâ”€[39m[90mâ”€[39m[90mâ”€[39m[90mâ”€[39m[90mâ”€[39m[90mâ”€[39m[90mâ”€[39m[90mâ”€[39m[90mâ”€[39m[90mâ”€[39m[90mâ”€[39m[90mâ”€[39m[90mâ”€[39m[90mâ”€[39m[90mâ”€[39m[90mâ”€[39m[90mâ”€[39m[90mâ”€[39m[90mâ”€[39m[90mâ”€[39m[90mâ”€[39m[90mâ”€[39m[90mâ”€[39m[90mâ”€[39m[90mâ”€[39m[90mâ”€[39m[90mâ”€[39m[90mâ”€[39m[90mâ”€[39m[90mâ”€[39m[90mâ”€[39m[90mâ”€[39m[90mâ”€[39m[90mâ”€[39m[90mâ”€[39m[90mâ”€[39m[90mâ”€[39m[90mâ”€[39m[90mâ”€[39m[90mâ”€[39m[90mâ”€[39m[90mâ”€[39m[90mâ”€[39m[90mâ”€[39m[90mâ”€[39m[90mâ”€[39m[90mâ”€[39m[90mâ”€[39m[90mâ”€[39m[90mâ”€[39m[90mâ”€[39m[90mâ”€[39m[90mâ”€[39m[90mâ”€[39m[90mâ”€[39m[90mâ”€[39m[90mâ”€[39m[90mâ”€[39m[90mâ”€[39m[90mâ”€[39m[90mâ”€[39m[90mâ”€[39m[90mâ”€[39m[90mâ”€[39m[90mâ”€[39m[90mâ”€[39m[90mâ”€[39m[90mâ”€[39m[90mâ”€[39m[90mâ”€[39m[90mâ”€[39m[90mâ”€[39m[90mâ”€[39m[90mâ”€[39m[90mâ”€[39m[90mâ”€[39m[90mâ”€[39m[90mâ”€[39m[90mâ”˜[39m


[33m  ([4m[1mScreenshots[22m[24m)[39m

[90m [39m -  [0m/e2e/cypress/screenshots/login/WELogin.cy.js/login -- Test1 (failed).png[0m             [90m[90m(1280x581)[90m[39m

Start generate report process
Read and merge jsons from "/e2e/cypress/reports/mochawesome/.jsons"
Enhance report
Create HTML report
HTML report successfully created!
/e2e/cypress/reports/mochawesome/index.html

[90m====================================================================================================[39m

[0m  ([4m[1mRun Finished[22m[24m)[0m


[90m   [39m    [90mSpec[39m                                              [90mTests[39m  [90mPassing[39m  [90mFailing[39m  [90mPending[39m  [90mSkipped[39m [90m [39m
[90m  â”Œ[39m[90mâ”€[39m[90mâ”€[39m[90mâ”€[39m[90mâ”€[39m[90mâ”€[39m[90mâ”€[39m[90mâ”€[39m[90mâ”€[39m[90mâ”€[39m[90mâ”€[39m[90mâ”€[39m[90mâ”€[39m[90mâ”€[39m[90mâ”€[39m[90mâ”€[39m[90mâ”€[39m[90mâ”€[39m[90mâ”€[39m[90mâ”€[39m[90mâ”€[39m[90mâ”€[39m[90mâ”€[39m[90mâ”€[39m[90mâ”€[39m[90mâ”€[39m[90mâ”€[39m[90mâ”€[39m[90mâ”€[39m[90mâ”€[39m[90mâ”€[39m[90mâ”€[39m[90mâ”€[39m[90mâ”€[39m[90mâ”€[39m[90mâ”€[39m[90mâ”€[39m[90mâ”€[39m[90mâ”€[39m[90mâ”€[39m[90mâ”€[39m[90mâ”€[39m[90mâ”€[39m[90mâ”€[39m[90mâ”€[39m[90mâ”€[39m[90mâ”€[39m[90mâ”€[39m[90mâ”€[39m[90mâ”€[39m[90mâ”€[39m[90mâ”€[39m[90mâ”€[39m[90mâ”€[39m[90mâ”€[39m[90mâ”€[39m[90mâ”€[39m[90mâ”€[39m[90mâ”€[39m[90mâ”€[39m[90mâ”€[39m[90mâ”€[39m[90mâ”€[39m[90mâ”€[39m[90mâ”€[39m[90mâ”€[39m[90mâ”€[39m[90mâ”€[39m[90mâ”€[39m[90mâ”€[39m[90mâ”€[39m[90mâ”€[39m[90mâ”€[39m[90mâ”€[39m[90mâ”€[39m[90mâ”€[39m[90mâ”€[39m[90mâ”€[39m[90mâ”€[39m[90mâ”€[39m[90mâ”€[39m[90mâ”€[39m[90mâ”€[39m[90mâ”€[39m[90mâ”€[39m[90mâ”€[39m[90mâ”€[39m[90mâ”€[39m[90mâ”€[39m[90mâ”€[39m[90mâ”€[39m[90mâ”€[39m[90mâ”€[39m[90mâ”€[39m[90mâ”€[39m[90mâ”€[39m[90mâ”€[39m[90mâ”[39m
[90m  â”‚[39m [32mâœ”[39m  [0mLoginAddVehicleFlow.cy.js[0m                [90m01:11[39m        [0m2[0m        [32m2[39m        [90m-[39m        [90m-[39m        [90m-[39m [90mâ”‚[39m
[90m  â”œ[39m[90mâ”€[39m[90mâ”€[39m[90mâ”€[39m[90mâ”€[39m[90mâ”€[39m[90mâ”€[39m[90mâ”€[39m[90mâ”€[39m[90mâ”€[39m[90mâ”€[39m[90mâ”€[39m[90mâ”€[39m[90mâ”€[39m[90mâ”€[39m[90mâ”€[39m[90mâ”€[39m[90mâ”€[39m[90mâ”€[39m[90mâ”€[39m[90mâ”€[39m[90mâ”€[39m[90mâ”€[39m[90mâ”€[39m[90mâ”€[39m[90mâ”€[39m[90mâ”€[39m[90mâ”€[39m[90mâ”€[39m[90mâ”€[39m[90mâ”€[39m[90mâ”€[39m[90mâ”€[39m[90mâ”€[39m[90mâ”€[39m[90mâ”€[39m[90mâ”€[39m[90mâ”€[39m[90mâ”€[39m[90mâ”€[39m[90mâ”€[39m[90mâ”€[39m[90mâ”€[39m[90mâ”€[39m[90mâ”€[39m[90mâ”€[39m[90mâ”€[39m[90mâ”€[39m[90mâ”€[39m[90mâ”€[39m[90mâ”€[39m[90mâ”€[39m[90mâ”€[39m[90mâ”€[39m[90mâ”€[39m[90mâ”€[39m[90mâ”€[39m[90mâ”€[39m[90mâ”€[39m[90mâ”€[39m[90mâ”€[39m[90mâ”€[39m[90mâ”€[39m[90mâ”€[39m[90mâ”€[39m[90mâ”€[39m[90mâ”€[39m[90mâ”€[39m[90mâ”€[39m[90mâ”€[39m[90mâ”€[39m[90mâ”€[39m[90mâ”€[39m[90mâ”€[39m[90mâ”€[39m[90mâ”€[39m[90mâ”€[39m[90mâ”€[39m[90mâ”€[39m[90mâ”€[39m[90mâ”€[39m[90mâ”€[39m[90mâ”€[39m[90mâ”€[39m[90mâ”€[39m[90mâ”€[39m[90mâ”€[39m[90mâ”€[39m[90mâ”€[39m[90mâ”€[39m[90mâ”€[39m[90mâ”€[39m[90mâ”€[39m[90mâ”€[39m[90mâ”€[39m[90mâ”€[39m[90mâ”€[39m[90mâ”¤[39m
[90m  â”‚[39m [32mâœ”[39m  [0mUsers/adduser.cy.js[0m                      [90m00:52[39m        [0m1[0m        [32m1[39m        [90m-[39m        [90m-[39m        [90m-[39m [90mâ”‚[39m
[90m  â”œ[39m[90mâ”€[39m[90mâ”€[39m[90mâ”€[39m[90mâ”€[39m[90mâ”€[39m[90mâ”€[39m[90mâ”€[39m[90mâ”€[39m[90mâ”€[39m[90mâ”€[39m[90mâ”€[39m[90mâ”€[39m[90mâ”€[39m[90mâ”€[39m[90mâ”€[39m[90mâ”€[39m[90mâ”€[39m[90mâ”€[39m[90mâ”€[39m[90mâ”€[39m[90mâ”€[39m[90mâ”€[39m[90mâ”€[39m[90mâ”€[39m[90mâ”€[39m[90mâ”€[39m[90mâ”€[39m[90mâ”€[39m[90mâ”€[39m[90mâ”€[39m[90mâ”€[39m[90mâ”€[39m[90mâ”€[39m[90mâ”€[39m[90mâ”€[39m[90mâ”€[39m[90mâ”€[39m[90mâ”€[39m[90mâ”€[39m[90mâ”€[39m[90mâ”€[39m[90mâ”€[39m[90mâ”€[39m[90mâ”€[39m[90mâ”€[39m[90mâ”€[39m[90mâ”€[39m[90mâ”€[39m[90mâ”€[39m[90mâ”€[39m[90mâ”€[39m[90mâ”€[39m[90mâ”€[39m[90mâ”€[39m[90mâ”€[39m[90mâ”€[39m[90mâ”€[39m[90mâ”€[39m[90mâ”€[39m[90mâ”€[39m[90mâ”€[39m[90mâ”€[39m[90mâ”€[39m[90mâ”€[39m[90mâ”€[39m[90mâ”€[39m[90mâ”€[39m[90mâ”€[39m[90mâ”€[39m[90mâ”€[39m[90mâ”€[39m[90mâ”€[39m[90mâ”€[39m[90mâ”€[39m[90mâ”€[39m[90mâ”€[39m[90mâ”€[39m[90mâ”€[39m[90mâ”€[39m[90mâ”€[39m[90mâ”€[39m[90mâ”€[39m[90mâ”€[39m[90mâ”€[39m[90mâ”€[39m[90mâ”€[39m[90mâ”€[39m[90mâ”€[39m[90mâ”€[39m[90mâ”€[39m[90mâ”€[39m[90mâ”€[39m[90mâ”€[39m[90mâ”€[39m[90mâ”€[39m[90mâ”€[39m[90mâ”¤[39m
[90m  â”‚[39m [32mâœ”[39m  [0maddGroup/addGroup.cy.js[0m                  [90m00:39[39m        [0m1[0m        [32m1[39m        [90m-[39m        [90m-[39m        [90m-[39m [90mâ”‚[39m
[90m  â”œ[39m[90mâ”€[39m[90mâ”€[39m[90mâ”€[39m[90mâ”€[39m[90mâ”€[39m[90mâ”€[39m[90mâ”€[39m[90mâ”€[39m[90mâ”€[39m[90mâ”€[39m[90mâ”€[39m[90mâ”€[39m[90mâ”€[39m[90mâ”€[39m[90mâ”€[39m[90mâ”€[39m[90mâ”€[39m[90mâ”€[39m[90mâ”€[39m[90mâ”€[39m[90mâ”€[39m[90mâ”€[39m[90mâ”€[39m[90mâ”€[39m[90mâ”€[39m[90mâ”€[39m[90mâ”€[39m[90mâ”€[39m[90mâ”€[39m[90mâ”€[39m[90mâ”€[39m[90mâ”€[39m[90mâ”€[39m[90mâ”€[39m[90mâ”€[39m[90mâ”€[39m[90mâ”€[39m[90mâ”€[39m[90mâ”€[39m[90mâ”€[39m[90mâ”€[39m[90mâ”€[39m[90mâ”€[39m[90mâ”€[39m[90mâ”€[39m[90mâ”€[39m[90mâ”€[39m[90mâ”€[39m[90mâ”€[39m[90mâ”€[39m[90mâ”€[39m[90mâ”€[39m[90mâ”€[39m[90mâ”€[39m[90mâ”€[39m[90mâ”€[39m[90mâ”€[39m[90mâ”€[39m[90mâ”€[39m[90mâ”€[39m[90mâ”€[39m[90mâ”€[39m[90mâ”€[39m[90mâ”€[39m[90mâ”€[39m[90mâ”€[39m[90mâ”€[39m[90mâ”€[39m[90mâ”€[39m[90mâ”€[39m[90mâ”€[39m[90mâ”€[39m[90mâ”€[39m[90mâ”€[39m[90mâ”€[39m[90mâ”€[39m[90mâ”€[39m[90mâ”€[39m[90mâ”€[39m[90mâ”€[39m[90mâ”€[39m[90mâ”€[39m[90mâ”€[39m[90mâ”€[39m[90mâ”€[39m[90mâ”€[39m[90mâ”€[39m[90mâ”€[39m[90mâ”€[39m[90mâ”€[39m[90mâ”€[39m[90mâ”€[39m[90mâ”€[39m[90mâ”€[39m[90mâ”€[39m[90mâ”€[39m[90mâ”¤[39m
[90m  â”‚[39m [32mâœ”[39m  [0maddVehicle/WEAddVehicle.cy.js[0m            [90m00:43[39m        [0m1[0m        [32m1[39m        [90m-[39m        [90m-[39m        [90m-[39m [90mâ”‚[39m
[90m  â”œ[39m[90mâ”€[39m[90mâ”€[39m[90mâ”€[39m[90mâ”€[39m[90mâ”€[39m[90mâ”€[39m[90mâ”€[39m[90mâ”€[39m[90mâ”€[39m[90mâ”€[39m[90mâ”€[39m[90mâ”€[39m[90mâ”€[39m[90mâ”€[39m[90mâ”€[39m[90mâ”€[39m[90mâ”€[39m[90mâ”€[39m[90mâ”€[39m[90mâ”€[39m[90mâ”€[39m[90mâ”€[39m[90mâ”€[39m[90mâ”€[39m[90mâ”€[39m[90mâ”€[39m[90mâ”€[39m[90mâ”€[39m[90mâ”€[39m[90mâ”€[39m[90mâ”€[39m[90mâ”€[39m[90mâ”€[39m[90mâ”€[39m[90mâ”€[39m[90mâ”€[39m[90mâ”€[39m[90mâ”€[39m[90mâ”€[39m[90mâ”€[39m[90mâ”€[39m[90mâ”€[39m[90mâ”€[39m[90mâ”€[39m[90mâ”€[39m[90mâ”€[39m[90mâ”€[39m[90mâ”€[39m[90mâ”€[39m[90mâ”€[39m[90mâ”€[39m[90mâ”€[39m[90mâ”€[39m[90mâ”€[39m[90mâ”€[39m[90mâ”€[39m[90mâ”€[39m[90mâ”€[39m[90mâ”€[39m[90mâ”€[39m[90mâ”€[39m[90mâ”€[39m[90mâ”€[39m[90mâ”€[39m[90mâ”€[39m[90mâ”€[39m[90mâ”€[39m[90mâ”€[39m[90mâ”€[39m[90mâ”€[39m[90mâ”€[39m[90mâ”€[39m[90mâ”€[39m[90mâ”€[39m[90mâ”€[39m[90mâ”€[39m[90mâ”€[39m[90mâ”€[39m[90mâ”€[39m[90mâ”€[39m[90mâ”€[39m[90mâ”€[39m[90mâ”€[39m[90mâ”€[39m[90mâ”€[39m[90mâ”€[39m[90mâ”€[39m[90mâ”€[39m[90mâ”€[39m[90mâ”€[39m[90mâ”€[39m[90mâ”€[39m[90mâ”€[39m[90mâ”€[39m[90mâ”€[39m[90mâ”€[39m[90mâ”¤[39m
[90m  â”‚[39m [31mâœ–[39m  [0mbids/WEBidAppraisal.cy.js[0m                [90m00:12[39m        [0m1[0m        [90m-[39m        [31m1[39m        [90m-[39m        [90m-[39m [90mâ”‚[39m
[90m  â”œ[39m[90mâ”€[39m[90mâ”€[39m[90mâ”€[39m[90mâ”€[39m[90mâ”€[39m[90mâ”€[39m[90mâ”€[39m[90mâ”€[39m[90mâ”€[39m[90mâ”€[39m[90mâ”€[39m[90mâ”€[39m[90mâ”€[39m[90mâ”€[39m[90mâ”€[39m[90mâ”€[39m[90mâ”€[39m[90mâ”€[39m[90mâ”€[39m[90mâ”€[39m[90mâ”€[39m[90mâ”€[39m[90mâ”€[39m[90mâ”€[39m[90mâ”€[39m[90mâ”€[39m[90mâ”€[39m[90mâ”€[39m[90mâ”€[39m[90mâ”€[39m[90mâ”€[39m[90mâ”€[39m[90mâ”€[39m[90mâ”€[39m[90mâ”€[39m[90mâ”€[39m[90mâ”€[39m[90mâ”€[39m[90mâ”€[39m[90mâ”€[39m[90mâ”€[39m[90mâ”€[39m[90mâ”€[39m[90mâ”€[39m[90mâ”€[39m[90mâ”€[39m[90mâ”€[39m[90mâ”€[39m[90mâ”€[39m[90mâ”€[39m[90mâ”€[39m[90mâ”€[39m[90mâ”€[39m[90mâ”€[39m[90mâ”€[39m[90mâ”€[39m[90mâ”€[39m[90mâ”€[39m[90mâ”€[39m[90mâ”€[39m[90mâ”€[39m[90mâ”€[39m[90mâ”€[39m[90mâ”€[39m[90mâ”€[39m[90mâ”€[39m[90mâ”€[39m[90mâ”€[39m[90mâ”€[39m[90mâ”€[39m[90mâ”€[39m[90mâ”€[39m[90mâ”€[39m[90mâ”€[39m[90mâ”€[39m[90mâ”€[39m[90mâ”€[39m[90mâ”€[39m[90mâ”€[39m[90mâ”€[39m[90mâ”€[39m[90mâ”€[39m[90mâ”€[39m[90mâ”€[39m[90mâ”€[39m[90mâ”€[39m[90mâ”€[39m[90mâ”€[39m[90mâ”€[39m[90mâ”€[39m[90mâ”€[39m[90mâ”€[39m[90mâ”€[39m[90mâ”€[39m[90mâ”€[39m[90mâ”€[39m[90mâ”¤[39m
[90m  â”‚[39m [31mâœ–[39m  [0mbids/WEBidAvailableNow.cy.js[0m             [90m00:07[39m        [0m1[0m        [90m-[39m        [31m1[39m        [90m-[39m        [90m-[39m [90mâ”‚[39m
[90m  â”œ[39m[90mâ”€[39m[90mâ”€[39m[90mâ”€[39m[90mâ”€[39m[90mâ”€[39m[90mâ”€[39m[90mâ”€[39m[90mâ”€[39m[90mâ”€[39m[90mâ”€[39m[90mâ”€[39m[90mâ”€[39m[90mâ”€[39m[90mâ”€[39m[90mâ”€[39m[90mâ”€[39m[90mâ”€[39m[90mâ”€[39m[90mâ”€[39m[90mâ”€[39m[90mâ”€[39m[90mâ”€[39m[90mâ”€[39m[90mâ”€[39m[90mâ”€[39m[90mâ”€[39m[90mâ”€[39m[90mâ”€[39m[90mâ”€[39m[90mâ”€[39m[90mâ”€[39m[90mâ”€[39m[90mâ”€[39m[90mâ”€[39m[90mâ”€[39m[90mâ”€[39m[90mâ”€[39m[90mâ”€[39m[90mâ”€[39m[90mâ”€[39m[90mâ”€[39m[90mâ”€[39m[90mâ”€[39m[90mâ”€[39m[90mâ”€[39m[90mâ”€[39m[90mâ”€[39m[90mâ”€[39m[90mâ”€[39m[90mâ”€[39m[90mâ”€[39m[90mâ”€[39m[90mâ”€[39m[90mâ”€[39m[90mâ”€[39m[90mâ”€[39m[90mâ”€[39m[90mâ”€[39m[90mâ”€[39m[90mâ”€[39m[90mâ”€[39m[90mâ”€[39m[90mâ”€[39m[90mâ”€[39m[90mâ”€[39m[90mâ”€[39m[90mâ”€[39m[90mâ”€[39m[90mâ”€[39m[90mâ”€[39m[90mâ”€[39m[90mâ”€[39m[90mâ”€[39m[90mâ”€[39m[90mâ”€[39m[90mâ”€[39m[90mâ”€[39m[90mâ”€[39m[90mâ”€[39m[90mâ”€[39m[90mâ”€[39m[90mâ”€[39m[90mâ”€[39m[90mâ”€[39m[90mâ”€[39m[90mâ”€[39m[90mâ”€[39m[90mâ”€[39m[90mâ”€[39m[90mâ”€[39m[90mâ”€[39m[90mâ”€[39m[90mâ”€[39m[90mâ”€[39m[90mâ”€[39m[90mâ”€[39m[90mâ”¤[39m
[90m  â”‚[39m [31mâœ–[39m  [0mbids/WEProxyAvailableNow.cy.js[0m           [90m00:06[39m        [0m1[0m        [90m-[39m        [31m1[39m        [90m-[39m        [90m-[39m [90mâ”‚[39m
[90m  â”œ[39m[90mâ”€[39m[90mâ”€[39m[90mâ”€[39m[90mâ”€[39m[90mâ”€[39m[90mâ”€[39m[90mâ”€[39m[90mâ”€[39m[90mâ”€[39m[90mâ”€[39m[90mâ”€[39m[90mâ”€[39m[90mâ”€[39m[90mâ”€[39m[90mâ”€[39m[90mâ”€[39m[90mâ”€[39m[90mâ”€[39m[90mâ”€[39m[90mâ”€[39m[90mâ”€[39m[90mâ”€[39m[90mâ”€[39m[90mâ”€[39m[90mâ”€[39m[90mâ”€[39m[90mâ”€[39m[90mâ”€[39m[90mâ”€[39m[90mâ”€[39m[90mâ”€[39m[90mâ”€[39m[90mâ”€[39m[90mâ”€[39m[90mâ”€[39m[90mâ”€[39m[90mâ”€[39m[90mâ”€[39m[90mâ”€[39m[90mâ”€[39m[90mâ”€[39m[90mâ”€[39m[90mâ”€[39m[90mâ”€[39m[90mâ”€[39m[90mâ”€[39m[90mâ”€[39m[90mâ”€[39m[90mâ”€[39m[90mâ”€[39m[90mâ”€[39m[90mâ”€[39m[90mâ”€[39m[90mâ”€[39m[90mâ”€[39m[90mâ”€[39m[90mâ”€[39m[90mâ”€[39m[90mâ”€[39m[90mâ”€[39m[90mâ”€[39m[90mâ”€[39m[90mâ”€[39m[90mâ”€[39m[90mâ”€[39m[90mâ”€[39m[90mâ”€[39m[90mâ”€[39m[90mâ”€[39m[90mâ”€[39m[90mâ”€[39m[90mâ”€[39m[90mâ”€[39m[90mâ”€[39m[90mâ”€[39m[90mâ”€[39m[90mâ”€[39m[90mâ”€[39m[90mâ”€[39m[90mâ”€[39m[90mâ”€[39m[90mâ”€[39m[90mâ”€[39m[90mâ”€[39m[90mâ”€[39m[90mâ”€[39m[90mâ”€[39m[90mâ”€[39m[90mâ”€[39m[90mâ”€[39m[90mâ”€[39m[90mâ”€[39m[90mâ”€[39m[90mâ”€[39m[90mâ”€[39m[90mâ”€[39m[90mâ”¤[39m
[90m  â”‚[39m [31mâœ–[39m  [0mlogin/WELogin.cy.js[0m                      [90m00:06[39m        [0m1[0m        [90m-[39m        [31m1[39m        [90m-[39m        [90m-[39m [90mâ”‚[39m
[90m  â””[39m[90mâ”€[39m[90mâ”€[39m[90mâ”€[39m[90mâ”€[39m[90mâ”€[39m[90mâ”€[39m[90mâ”€[39m[90mâ”€[39m[90mâ”€[39m[90mâ”€[39m[90mâ”€[39m[90mâ”€[39m[90mâ”€[39m[90mâ”€[39m[90mâ”€[39m[90mâ”€[39m[90mâ”€[39m[90mâ”€[39m[90mâ”€[39m[90mâ”€[39m[90mâ”€[39m[90mâ”€[39m[90mâ”€[39m[90mâ”€[39m[90mâ”€[39m[90mâ”€[39m[90mâ”€[39m[90mâ”€[39m[90mâ”€[39m[90mâ”€[39m[90mâ”€[39m[90mâ”€[39m[90mâ”€[39m[90mâ”€[39m[90mâ”€[39m[90mâ”€[39m[90mâ”€[39m[90mâ”€[39m[90mâ”€[39m[90mâ”€[39m[90mâ”€[39m[90mâ”€[39m[90mâ”€[39m[90mâ”€[39m[90mâ”€[39m[90mâ”€[39m[90mâ”€[39m[90mâ”€[39m[90mâ”€[39m[90mâ”€[39m[90mâ”€[39m[90mâ”€[39m[90mâ”€[39m[90mâ”€[39m[90mâ”€[39m[90mâ”€[39m[90mâ”€[39m[90mâ”€[39m[90mâ”€[39m[90mâ”€[39m[90mâ”€[39m[90mâ”€[39m[90mâ”€[39m[90mâ”€[39m[90mâ”€[39m[90mâ”€[39m[90mâ”€[39m[90mâ”€[39m[90mâ”€[39m[90mâ”€[39m[90mâ”€[39m[90mâ”€[39m[90mâ”€[39m[90mâ”€[39m[90mâ”€[39m[90mâ”€[39m[90mâ”€[39m[90mâ”€[39m[90mâ”€[39m[90mâ”€[39m[90mâ”€[39m[90mâ”€[39m[90mâ”€[39m[90mâ”€[39m[90mâ”€[39m[90mâ”€[39m[90mâ”€[39m[90mâ”€[39m[90mâ”€[39m[90mâ”€[39m[90mâ”€[39m[90mâ”€[39m[90mâ”€[39m[90mâ”€[39m[90mâ”€[39m[90mâ”€[39m[90mâ”˜[39m
[90m   [39m [31mâœ–[39m  [31m4 of 8 failed (50%)[39m                      [90m03:57[39m        [0m9[0m        [32m5[39m        [31m4[39m        [90m-[39m        [90m-[39m [90m [39m

